---target sequence name: STRG.2.2---	target starts:	[4856]	query starts:	[64368]	kmer:	TAATTTTTGCA
---target sequence name: STRG.2.2---	target starts:	[2116]	query starts:	[69989]	kmer:	CGGAGAAGCAA
---target sequence name: STRG.2.2---	target starts:	[1100]	query starts:	[3940]	kmer:	GAAGGATCTGA
---target sequence name: STRG.2.2---	target starts:	[214]	query starts:	[67157]	kmer:	GAATACATACA
---target sequence name: STRG.2.2---	target starts:	[477]	query starts:	[95206]	kmer:	AGCATGGCTTT
---target sequence name: STRG.2.2---	target starts:	[821]	query starts:	[4821]	kmer:	GGAACAGAAGG
---target sequence name: STRG.2.2---	target starts:	[581]	query starts:	[21134]	kmer:	GGAGTTGAATT
---target sequence name: STRG.2.2---	target starts:	[4133]	query starts:	[4941]	kmer:	TATTTATGATT
---target sequence name: STRG.2.2---	target starts:	[4018]	query starts:	[50632]	kmer:	AAAATTAAATT
---target sequence name: STRG.2.2---	target starts:	[4393]	query starts:	[25685]	kmer:	GATAAATAATT
---target sequence name: STRG.2.2---	target starts:	[1388]	query starts:	[8426]	kmer:	TTTGAAAATAA
---target sequence name: STRG.2.2---	target starts:	[1217]	query starts:	[28242]	kmer:	AGCATAAATCG
---target sequence name: STRG.2.2---	target starts:	[3983]	query starts:	[1637]	kmer:	AAAATCGAACG
---target sequence name: STRG.2.2---	target starts:	[4085]	query starts:	[13507]	kmer:	CATTTTTTATT
---target sequence name: STRG.2.2---	target starts:	[4392]	query starts:	[73214]	kmer:	GGATAAATAAT
---target sequence name: STRG.2.2---	target starts:	[4083]	query starts:	[13505]	kmer:	TTCATTTTTTA
---target sequence name: STRG.2.2---	target starts:	[4263]	query starts:	[25396]	kmer:	TGTAAAATATT
---target sequence name: STRG.2.2---	target starts:	[3409]	query starts:	[49338]	kmer:	AATTAAAAATC
---target sequence name: STRG.2.2---	target starts:	[26]	query starts:	[23396]	kmer:	TGTGTGTGTTA
---target sequence name: STRG.2.2---	target starts:	[1216]	query starts:	[28241]	kmer:	AAGCATAAATC
---target sequence name: STRG.2.2---	target starts:	[60]	query starts:	[15425]	kmer:	GCTAATAATAT
---target sequence name: STRG.2.2---	target starts:	[4009]	query starts:	[36013]	kmer:	GAACGCAAAAA
---target sequence name: STRG.2.2---	target starts:	[3579]	query starts:	[75338]	kmer:	ATTTAAATATG
---target sequence name: STRG.2.2---	target starts:	[988]	query starts:	[91686]	kmer:	AGTTGCATACA
---target sequence name: STRG.2.2---	target starts:	[4072]	query starts:	[1034]	kmer:	AATATAAAATA
---target sequence name: STRG.2.2---	target starts:	[4051]	query starts:	[67119]	kmer:	AAACAGAAATG
---target sequence name: STRG.2.2---	target starts:	[3475]	query starts:	[12480]	kmer:	TGTTCAGCAAG
---target sequence name: STRG.2.2---	target starts:	[698]	query starts:	[57694]	kmer:	CAATTAATTCT
---target sequence name: STRG.2.2---	target starts:	[2692]	query starts:	[18043]	kmer:	TTCTGCGCAGC
---target sequence name: STRG.2.2---	target starts:	[24]	query starts:	[33499, 55354]	kmer:	TTTGTGTGTGT
---target sequence name: STRG.2.2---	target starts:	[4563]	query starts:	[43933]	kmer:	CCCTTACAAAA
---target sequence name: STRG.2.2---	target starts:	[3157]	query starts:	[73693]	kmer:	GAATGCCGCAG
---target sequence name: STRG.2.2---	target starts:	[255]	query starts:	[21634]	kmer:	AGTTCAAAAAA
---target sequence name: STRG.2.2---	target starts:	[3126]	query starts:	[54319]	kmer:	TTTTATCAGTA
---target sequence name: STRG.2.2---	target starts:	[2388]	query starts:	[71697]	kmer:	TTCGCAAGGGT
---target sequence name: STRG.2.2---	target starts:	[3721]	query starts:	[7078]	kmer:	AGAGGACTTGG
---target sequence name: STRG.2.2---	target starts:	[2265]	query starts:	[21215]	kmer:	TCAAAAACTTT
---target sequence name: STRG.2.2---	target starts:	[1215]	query starts:	[28240]	kmer:	AAAGCATAAAT
---target sequence name: STRG.2.2---	target starts:	[2404]	query starts:	[78048]	kmer:	GACCAGGACCA
---target sequence name: STRG.2.2---	target starts:	[1154]	query starts:	[19109]	kmer:	ATAGATAACCC
---target sequence name: STRG.2.2---	target starts:	[2068]	query starts:	[49441]	kmer:	TGTGTGGAAGG
---target sequence name: STRG.2.2---	target starts:	[583]	query starts:	[76795]	kmer:	AGTTGAATTGT
---target sequence name: STRG.2.2---	target starts:	[3159]	query starts:	[73695]	kmer:	ATGCCGCAGCA
---target sequence name: STRG.2.2---	target starts:	[3410]	query starts:	[14473]	kmer:	ATTAAAAATCC
---target sequence name: STRG.2.2---	target starts:	[4535]	query starts:	[76893]	kmer:	GGTTAAAATAT
---target sequence name: STRG.2.2---	target starts:	[3580]	query starts:	[75339]	kmer:	TTTAAATATGA
---target sequence name: STRG.2.2---	target starts:	[186]	query starts:	[84311]	kmer:	AGAACAGTGCG
---target sequence name: STRG.2.2---	target starts:	[3810]	query starts:	[6740]	kmer:	AAACGAACGGA
---target sequence name: STRG.2.2---	target starts:	[83]	query starts:	[67759]	kmer:	ATAAAACAGAT
---target sequence name: STRG.2.2---	target starts:	[4129]	query starts:	[17099]	kmer:	TAATTATTTAT
---target sequence name: STRG.2.2---	target starts:	[1820]	query starts:	[40405]	kmer:	GCAGCTGCAGA
---target sequence name: STRG.2.2---	target starts:	[3574]	query starts:	[93879]	kmer:	CGACCATTTAA
---target sequence name: STRG.2.2---	target starts:	[3847]	query starts:	[1559]	kmer:	AGCGCCTGAAG
---target sequence name: STRG.2.2---	target starts:	[4512]	query starts:	[9092]	kmer:	TTTTTTAAATT
---target sequence name: STRG.2.2---	target starts:	[3759]	query starts:	[90601]	kmer:	GTACTAGTTCT
---target sequence name: STRG.2.2---	target starts:	[4524]	query starts:	[85536]	kmer:	CTTTTATTTTC
---target sequence name: STRG.2.2---	target starts:	[1576]	query starts:	[61019]	kmer:	AAGAGCTGGAG
---target sequence name: STRG.2.2---	target starts:	[3727]	query starts:	[27249]	kmer:	CTTGGAATCGA
---target sequence name: STRG.2.2---	target starts:	[3891]	query starts:	[84682]	kmer:	CTACTAATTAT
---target sequence name: STRG.2.2---	target starts:	[2717]	query starts:	[58048]	kmer:	CAATTAAAACA
---target sequence name: STRG.2.2---	target starts:	[201]	query starts:	[98071]	kmer:	TTTCTCAACAT
---target sequence name: STRG.2.2---	target starts:	[5072]	query starts:	[11900]	kmer:	TTTGCATTCTC
---target sequence name: STRG.2.2---	target starts:	[3160]	query starts:	[44707, 75846]	kmer:	TGCCGCAGCAG
---target sequence name: STRG.2.2---	target starts:	[3699]	query starts:	[15805]	kmer:	CAAATATTAAT
---target sequence name: STRG.2.2---	target starts:	[3576]	query starts:	[57819, 93881]	kmer:	ACCATTTAAAT
---target sequence name: STRG.2.2---	target starts:	[4729]	query starts:	[17914]	kmer:	TCAAATTAATT
---target sequence name: STRG.2.2---	target starts:	[2117]	query starts:	[69990]	kmer:	GGAGAAGCAAT
---target sequence name: STRG.2.2---	target starts:	[5120]	query starts:	[16563]	kmer:	TATATACAATA
---target sequence name: STRG.2.2---	target starts:	[4485]	query starts:	[54986]	kmer:	GATTATAAAAA
---target sequence name: STRG.2.2---	target starts:	[238]	query starts:	[30028]	kmer:	TGGTGAGCAAA
---target sequence name: STRG.2.2---	target starts:	[1008]	query starts:	[11041]	kmer:	TTTGTGTTTTG
---target sequence name: STRG.2.2---	target starts:	[3152]	query starts:	[27746]	kmer:	CAGCTGAATGC
---target sequence name: STRG.2.2---	target starts:	[2748]	query starts:	[99761]	kmer:	TTTCTATTTTT
---target sequence name: STRG.2.2---	target starts:	[4023]	query starts:	[33578]	kmer:	TAAATTAAATT
---target sequence name: STRG.2.2---	target starts:	[4675]	query starts:	[54409]	kmer:	AATTTGTTGTA
---target sequence name: STRG.2.2---	target starts:	[2693]	query starts:	[18044]	kmer:	TCTGCGCAGCT
---target sequence name: STRG.2.2---	target starts:	[4521]	query starts:	[78703, 85533]	kmer:	TTTCTTTTATT
---target sequence name: STRG.2.2---	target starts:	[2694]	query starts:	[55989]	kmer:	CTGCGCAGCTT
---target sequence name: STRG.2.2---	target starts:	[476]	query starts:	[95205]	kmer:	CAGCATGGCTT
---target sequence name: STRG.2.2---	target starts:	[4520]	query starts:	[78702]	kmer:	ATTTCTTTTAT
---target sequence name: STRG.2.2---	target starts:	[4527]	query starts:	[26349]	kmer:	TTATTTTCGGT
---target sequence name: STRG.2.2---	target starts:	[4398]	query starts:	[58291]	kmer:	ATAATTCAAAT
---target sequence name: STRG.2.2---	target starts:	[4900]	query starts:	[70754]	kmer:	TTATGAGTTTT
---target sequence name: STRG.2.2---	target starts:	[2885]	query starts:	[64806]	kmer:	AAATATAAGCT
---target sequence name: STRG.2.2---	target starts:	[2575]	query starts:	[37588]	kmer:	AGCAACAAATG
---target sequence name: STRG.2.2---	target starts:	[4332]	query starts:	[46139]	kmer:	ATACCGATAAA
---target sequence name: STRG.2.2---	target starts:	[126]	query starts:	[5844]	kmer:	TCTGTGTGTTC
---target sequence name: STRG.2.2---	target starts:	[3023]	query starts:	[61818]	kmer:	GGAGAGGCGGA
---target sequence name: STRG.2.2---	target starts:	[1155]	query starts:	[19110]	kmer:	TAGATAACCCA
---target sequence name: STRG.2.2---	target starts:	[2146]	query starts:	[81635]	kmer:	TGTAAATATAT
---target sequence name: STRG.2.2---	target starts:	[4897]	query starts:	[81083]	kmer:	TTTTTATGAGT
---target sequence name: STRG.2.2---	target starts:	[1956]	query starts:	[43296]	kmer:	TTATTGTTGGT
---target sequence name: STRG.2.2---	target starts:	[1617]	query starts:	[19724]	kmer:	GCTGGCCTATC
---target sequence name: STRG.2.2---	target starts:	[3221]	query starts:	[4213]	kmer:	GGAGAAGCACT
---target sequence name: STRG.2.2---	target starts:	[4322]	query starts:	[11824]	kmer:	ATAAACACAAA
---target sequence name: STRG.2.2---	target starts:	[3274]	query starts:	[51663]	kmer:	CACGTCCAGAG
---target sequence name: STRG.2.2---	target starts:	[2287]	query starts:	[83422]	kmer:	TCATCGCTGCA
---target sequence name: STRG.2.2---	target starts:	[5197]	query starts:	[60555]	kmer:	TAATTGAGTAT
---target sequence name: STRG.2.2---	target starts:	[2542]	query starts:	[44288]	kmer:	TAATGTCAACA
---target sequence name: STRG.2.2---	target starts:	[585]	query starts:	[85958]	kmer:	TTGAATTGTAC
---target sequence name: STRG.2.2---	target starts:	[339]	query starts:	[30642]	kmer:	ACATATTTATT
---target sequence name: STRG.2.2---	target starts:	[4980]	query starts:	[23606]	kmer:	ATTTAATTTTA
---target sequence name: STRG.2.2---	target starts:	[412]	query starts:	[42964]	kmer:	GCAGCAGCCCA
---target sequence name: STRG.2.2---	target starts:	[2297]	query starts:	[84048]	kmer:	ACTTTAAACCC
---target sequence name: STRG.2.2---	target starts:	[4954]	query starts:	[87316]	kmer:	CTTCAAGTACT
---target sequence name: STRG.2.2---	target starts:	[3785, 3960]	query starts:	[65881]	kmer:	ATAATTACAAA
---target sequence name: STRG.2.2---	target starts:	[5014]	query starts:	[32831]	kmer:	ATTGTAAAGTA
---target sequence name: STRG.2.2---	target starts:	[1577]	query starts:	[44265]	kmer:	AGAGCTGGAGA
---target sequence name: STRG.2.2---	target starts:	[4731]	query starts:	[68090]	kmer:	AAATTAATTGT
---target sequence name: STRG.2.2---	target starts:	[4359]	query starts:	[64059]	kmer:	TAATAAATTGT
---target sequence name: STRG.2.2---	target starts:	[4536]	query starts:	[76894]	kmer:	GTTAAAATATT
---target sequence name: STRG.2.2---	target starts:	[580]	query starts:	[21133]	kmer:	CGGAGTTGAAT
---target sequence name: STRG.2.2---	target starts:	[314]	query starts:	[51056]	kmer:	GAATAAATACG
---target sequence name: STRG.2.2---	target starts:	[4408]	query starts:	[45582]	kmer:	TTATATAGGAA
---target sequence name: STRG.2.2---	target starts:	[2521]	query starts:	[47947]	kmer:	ATTTGCCAAAA
---target sequence name: STRG.2.2---	target starts:	[3601]	query starts:	[9317]	kmer:	TTTGTGTTCTA
---target sequence name: STRG.2.2---	target starts:	[4537]	query starts:	[76895]	kmer:	TTAAAATATTG
---target sequence name: STRG.2.2---	target starts:	[1927]	query starts:	[68905]	kmer:	AATAGCATTCT
---target sequence name: STRG.2.2---	target starts:	[2691]	query starts:	[18042]	kmer:	TTTCTGCGCAG
---target sequence name: STRG.2.2---	target starts:	[2006]	query starts:	[20963]	kmer:	TTACCCGAAAA
---target sequence name: STRG.2.2---	target starts:	[4086]	query starts:	[13508]	kmer:	ATTTTTTATTT
---target sequence name: STRG.2.2---	target starts:	[4358]	query starts:	[64058]	kmer:	TTAATAAATTG
---target sequence name: STRG.2.2---	target starts:	[689]	query starts:	[19240]	kmer:	GCAGCGAATCA
---target sequence name: STRG.2.2---	target starts:	[1402]	query starts:	[1071]	kmer:	AGATGTCGCTG
---target sequence name: STRG.2.2---	target starts:	[4518]	query starts:	[56350, 78700]	kmer:	AAATTTCTTTT
---target sequence name: STRG.2.2---	target starts:	[2298]	query starts:	[84049]	kmer:	CTTTAAACCCA
---target sequence name: STRG.2.2---	target starts:	[400]	query starts:	[37882]	kmer:	CAGAGGAAAAG
---target sequence name: STRG.2.2---	target starts:	[2962]	query starts:	[15643]	kmer:	GGAAACACTGC
---target sequence name: STRG.2.2---	target starts:	[1034]	query starts:	[79967]	kmer:	GCATCTGTCCA
---target sequence name: STRG.2.2---	target starts:	[2964]	query starts:	[15645]	kmer:	AAACACTGCAG
---target sequence name: STRG.2.2---	target starts:	[3662]	query starts:	[73448]	kmer:	AACAAAGCCAG
---target sequence name: STRG.2.2---	target starts:	[2141]	query starts:	[6610, 75365]	kmer:	CGTGGTGTAAA
---target sequence name: STRG.2.2---	target starts:	[4027]	query starts:	[25406]	kmer:	TTAAATTAAAC
---target sequence name: STRG.2.2---	target starts:	[4487]	query starts:	[9135]	kmer:	TTATAAAAAAA
---target sequence name: STRG.2.2---	target starts:	[951]	query starts:	[41195]	kmer:	CAATCCGCCAA
---target sequence name: STRG.2.2---	target starts:	[4356]	query starts:	[97331]	kmer:	ATTTAATAAAT
---target sequence name: STRG.2.2---	target starts:	[450]	query starts:	[66890]	kmer:	ACCTTTTTGCT
---target sequence name: STRG.2.2---	target starts:	[3575]	query starts:	[57818, 93880]	kmer:	GACCATTTAAA
---target sequence name: STRG.2.2---	target starts:	[3710]	query starts:	[63672]	kmer:	ATTTCTAATTT
---target sequence name: STRG.2.2---	target starts:	[1763]	query starts:	[85204]	kmer:	ATTTATAATTT
---target sequence name: STRG.2.2---	target starts:	[3728]	query starts:	[27250]	kmer:	TTGGAATCGAA
---target sequence name: STRG.2.2---	target starts:	[4860, 5071]	query starts:	[11899]	kmer:	TTTTGCATTCT
---target sequence name: STRG.2.2---	target starts:	[4022]	query starts:	[9148, 33577, 51647]	kmer:	TTAAATTAAAT
---target sequence name: STRG.2.2---	target starts:	[4010]	query starts:	[36014]	kmer:	AACGCAAAAAA
---target sequence name: STRG.2.2---	target starts:	[4488]	query starts:	[9136]	kmer:	TATAAAAAAAT
---target sequence name: STRG.2.2---	target starts:	[1172]	query starts:	[57162]	kmer:	CCGTCGAATGT
---target sequence name: STRG.2.2---	target starts:	[1926]	query starts:	[68904]	kmer:	AAATAGCATTC
---target sequence name: STRG.2.2---	target starts:	[607]	query starts:	[52060]	kmer:	TTTGTTAAACA
---target sequence name: STRG.2.2---	target starts:	[4878]	query starts:	[58046]	kmer:	TGCAATTAAAA
---target sequence name: STRG.2.2---	target starts:	[4760]	query starts:	[65071]	kmer:	AAATTGCAAAC
---target sequence name: STRG.2.2---	target starts:	[1171]	query starts:	[57161]	kmer:	GCCGTCGAATG
---target sequence name: STRG.2.2---	target starts:	[4523]	query starts:	[85535]	kmer:	TCTTTTATTTT
---target sequence name: STRG.2.2---	target starts:	[2963]	query starts:	[15644]	kmer:	GAAACACTGCA
---target sequence name: STRG.2.2---	target starts:	[672]	query starts:	[26390]	kmer:	GCATACTTTCG
---target sequence name: STRG.2.2---	target starts:	[3473]	query starts:	[74791]	kmer:	AGTGTTCAGCA
---target sequence name: STRG.2.2---	target starts:	[3444]	query starts:	[35562]	kmer:	GGCCTGCAGAG
---target sequence name: STRG.2.2---	target starts:	[2296]	query starts:	[84047]	kmer:	CACTTTAAACC
---target sequence name: STRG.2.2---	target starts:	[4896]	query starts:	[81082]	kmer:	GTTTTTATGAG
---target sequence name: STRG.2.2---	target starts:	[4321]	query starts:	[11823]	kmer:	TATAAACACAA
---target sequence name: STRG.2.2---	target starts:	[4857]	query starts:	[64369, 66925]	kmer:	AATTTTTGCAT
---target sequence name: STRG.2.2---	target starts:	[606]	query starts:	[52059]	kmer:	CTTTGTTAAAC
---target sequence name: STRG.2.2---	target starts:	[2910]	query starts:	[47332]	kmer:	GTGCTCGGATT
---target sequence name: STRG.2.2---	target starts:	[360]	query starts:	[95781]	kmer:	AACCCACCACA
---target sequence name: STRG.2.2---	target starts:	[1178]	query starts:	[54760]	kmer:	AATGTTAATTA
---target sequence name: STRG.2.2---	target starts:	[3820]	query starts:	[65796]	kmer:	AGACAACAAAA
---target sequence name: STRG.2.2---	target starts:	[3153]	query starts:	[27747]	kmer:	AGCTGAATGCC
---target sequence name: STRG.2.2---	target starts:	[373]	query starts:	[3926]	kmer:	AGCATAACCAA
---target sequence name: STRG.2.2---	target starts:	[3813]	query starts:	[23220]	kmer:	CGAACGGAGAC
---target sequence name: STRG.2.2---	target starts:	[4858]	query starts:	[64370, 66926]	kmer:	ATTTTTGCATT
---target sequence name: STRG.2.2---	target starts:	[361]	query starts:	[95782]	kmer:	ACCCACCACAA
---target sequence name: STRG.2.2---	target starts:	[1578]	query starts:	[46506]	kmer:	GAGCTGGAGAT
---target sequence name: STRG.2.2---	target starts:	[4489]	query starts:	[9137]	kmer:	ATAAAAAAATT
---target sequence name: STRG.2.2---	target starts:	[4130]	query starts:	[17100]	kmer:	AATTATTTATG
---target sequence name: STRG.2.2---	target starts:	[2181]	query starts:	[85666]	kmer:	CAGCCAGCATA
---target sequence name: STRG.2.2---	target starts:	[2650]	query starts:	[82198]	kmer:	GTCGGCAAGTG
---target sequence name: STRG.2.2---	target starts:	[4880]	query starts:	[9816]	kmer:	CAATTAAAAAA
---target sequence name: STRG.2.2---	target starts:	[5193]	query starts:	[9196]	kmer:	TATATAATTGA
---target sequence name: STRG.2.2---	target starts:	[1928]	query starts:	[68906]	kmer:	ATAGCATTCTG
---target sequence name: STRG.2.2---	target starts:	[3892]	query starts:	[84683]	kmer:	TACTAATTATT
---target sequence name: STRG.2.2---	target starts:	[3758]	query starts:	[90600]	kmer:	AGTACTAGTTC
---target sequence name: STRG.2.2---	target starts:	[3779]	query starts:	[76432]	kmer:	AAATCTATAAT
---target sequence name: STRG.2.2---	target starts:	[2922]	query starts:	[96800]	kmer:	GCCGCATCCAT
---target sequence name: STRG.2.2---	target starts:	[16]	query starts:	[31053]	kmer:	ATCGCGACTTT
---target sequence name: STRG.2.2---	target starts:	[1488]	query starts:	[19674]	kmer:	CGCCATATCTT
---target sequence name: STRG.2.2---	target starts:	[5236]	query starts:	[20699]	kmer:	ATTTTATTTAA
---target sequence name: STRG.2.2---	target starts:	[17]	query starts:	[31054]	kmer:	TCGCGACTTTG
---target sequence name: STRG.2.2---	target starts:	[3184]	query starts:	[93768]	kmer:	CATTAATGGAG
---target sequence name: STRG.2.2---	target starts:	[1819]	query starts:	[40404]	kmer:	CGCAGCTGCAG
---target sequence name: STRG.2.2---	target starts:	[582]	query starts:	[21135]	kmer:	GAGTTGAATTG
---target sequence name: STRG.2.2---	target starts:	[1579]	query starts:	[46507]	kmer:	AGCTGGAGATG
---target sequence name: STRG.2.2---	target starts:	[2326]	query starts:	[62882]	kmer:	AGGAGAGCAGC
---target sequence name: STRG.2.2---	target starts:	[3711]	query starts:	[63673]	kmer:	TTTCTAATTTA
---target sequence name: STRG.2.2---	target starts:	[4517]	query starts:	[56349, 78699]	kmer:	TAAATTTCTTT
---target sequence name: STRG.2.2---	target starts:	[3449]	query starts:	[37881]	kmer:	GCAGAGGAAAA
---target sequence name: STRG.2.2---	target starts:	[257]	query starts:	[20939]	kmer:	TTCAAAAAATT
---target sequence name: STRG.2.2---	target starts:	[584]	query starts:	[76796]	kmer:	GTTGAATTGTA
---target sequence name: STRG.2.2---	target starts:	[3660]	query starts:	[73446]	kmer:	CCAACAAAGCC
---target sequence name: STRG.2.2---	target starts:	[1214]	query starts:	[28239, 62184]	kmer:	AAAAGCATAAA
---target sequence name: STRG.2.2---	target starts:	[4239]	query starts:	[78091]	kmer:	TAAAAGTTGAC
---target sequence name: STRG.2.2---	target starts:	[5224]	query starts:	[36360]	kmer:	AATAAAACATG
---target sequence name: STRG.2.2---	target starts:	[4522]	query starts:	[78704, 85534]	kmer:	TTCTTTTATTT
---target sequence name: STRG.2.2---	target starts:	[4052]	query starts:	[67120]	kmer:	AACAGAAATGA
---target sequence name: STRG.2.2---	target starts:	[2142]	query starts:	[6611, 75366]	kmer:	GTGGTGTAAAT
---target sequence name: STRG.2.2---	target starts:	[158]	query starts:	[20089]	kmer:	TTTATTCTCAT
---target sequence name: STRG.2.2---	target starts:	[717]	query starts:	[27063, 27072, 27081]	kmer:	CAGTTGGAGCA
---target sequence name: STRG.2.2---	target starts:	[407]	query starts:	[98799]	kmer:	AAAGGGCAGCA
---target sequence name: STRG.2.2---	target starts:	[989]	query starts:	[91687]	kmer:	GTTGCATACAA
---target sequence name: STRG.2.2---	target starts:	[950]	query starts:	[41194]	kmer:	TCAATCCGCCA
---target sequence name: STRG.2.2---	target starts:	[1489]	query starts:	[19675]	kmer:	GCCATATCTTC
---target sequence name: STRG.2.2---	target starts:	[4320]	query starts:	[11822]	kmer:	GTATAAACACA
---target sequence name: STRG.2.2---	target starts:	[1265]	query starts:	[17088]	kmer:	GTTTTTTCCGG
---target sequence name: STRG.2.2---	target starts:	[4276]	query starts:	[53501]	kmer:	AACGCAACCTG
---target sequence name: STRG.2.2---	target starts:	[4019, 4024]	query starts:	[33579]	kmer:	AAATTAAATTA
---target sequence name: STRG.2.2---	target starts:	[2118]	query starts:	[69991]	kmer:	GAGAAGCAATT
---target sequence name: STRG.2.2---	target starts:	[553]	query starts:	[21868]	kmer:	AGGGGCTTTAA
---target sequence name: STRG.2.2---	target starts:	[4511]	query starts:	[9091]	kmer:	ATTTTTTAAAT
---target sequence name: STRG.2.2---	target starts:	[4084]	query starts:	[13506]	kmer:	TCATTTTTTAT
---target sequence name: STRG.2.2---	target starts:	[2182]	query starts:	[85667]	kmer:	AGCCAGCATAA
---target sequence name: STRG.2.2---	target starts:	[4134]	query starts:	[4942]	kmer:	ATTTATGATTT
---target sequence name: STRG.2.2---	target starts:	[4519]	query starts:	[78701]	kmer:	AATTTCTTTTA
---target sequence name: STRG.2.2---	target starts:	[860]	query starts:	[96031]	kmer:	ACATTTACCAT
---target sequence name: STRG.2.2---	target starts:	[1179]	query starts:	[65159]	kmer:	ATGTTAATTAT
---target sequence name: STRG.2.2---	target starts:	[3663]	query starts:	[73449]	kmer:	ACAAAGCCAGT
---target sequence name: STRG.2.2---	target starts:	[3474]	query starts:	[12479]	kmer:	GTGTTCAGCAA
---target sequence name: STRG.2.2---	target starts:	[4357]	query starts:	[64057, 97332]	kmer:	TTTAATAAATT
---target sequence name: STRG.2.2---	target starts:	[3154]	query starts:	[60426]	kmer:	GCTGAATGCCG
---target sequence name: STRG.2.2---	target starts:	[61]	query starts:	[15426]	kmer:	CTAATAATATT
---target sequence name: STRG.2.2---	target starts:	[3224]	query starts:	[71573]	kmer:	GAAGCACTGTA
---target sequence name: STRG.2.2---	target starts:	[3158]	query starts:	[73694]	kmer:	AATGCCGCAGC
---target sequence name: STRG.2.2---	target starts:	[5235]	query starts:	[20698]	kmer:	TATTTTATTTA
---target sequence name: STRG.2.2---	target starts:	[1383]	query starts:	[50264]	kmer:	TGACCTTTGAA
---target sequence name: STRG.2.2---	target starts:	[3481]	query starts:	[27508]	kmer:	GCAAGTTAATG
---target sequence name: STRG.2.2---	target starts:	[2574]	query starts:	[37587]	kmer:	CAGCAACAAAT
---target sequence name: STRG.2.2---	target starts:	[3992]	query starts:	[23867]	kmer:	CGGGGACAGCA
---target sequence name: STRG.2.2---	target starts:	[1403]	query starts:	[1072]	kmer:	GATGTCGCTGA
---target sequence name: STRG.2.2---	target starts:	[3661]	query starts:	[73447]	kmer:	CAACAAAGCCA
---target sequence name: STRG.2.2---	target starts:	[4979]	query starts:	[64433]	kmer:	AATTTAATTTT
---target sequence name: STRG.2.2---	target starts:	[3196]	query starts:	[67908]	kmer:	TTCGTCACTTT
---target sequence name: STRG.2.2---	target starts:	[1486]	query starts:	[79104]	kmer:	AGCGCCATATC
---target sequence name: STRG.2.2---	target starts:	[2578]	query starts:	[50155]	kmer:	AACAAATGCCA
---target sequence name: STRG.2.2---	target starts:	[605]	query starts:	[52058]	kmer:	ACTTTGTTAAA
---target sequence name: STRG.2.2---	target starts:	[3127]	query starts:	[54320]	kmer:	TTTATCAGTAC
---target sequence name: STRG.2.2---	target starts:	[2299]	query starts:	[84050]	kmer:	TTTAAACCCAA
---target sequence name: STRG.2.2---	target starts:	[687]	query starts:	[73989]	kmer:	CGGCAGCGAAT
---target sequence name: STRG.2.5---	target starts:	[4832]	query starts:	[64368]	kmer:	TAATTTTTGCA
---target sequence name: STRG.2.5---	target starts:	[2092]	query starts:	[69989]	kmer:	CGGAGAAGCAA
---target sequence name: STRG.2.5---	target starts:	[1076]	query starts:	[3940]	kmer:	GAAGGATCTGA
---target sequence name: STRG.2.5---	target starts:	[195]	query starts:	[67157]	kmer:	GAATACATACA
---target sequence name: STRG.2.5---	target starts:	[453]	query starts:	[95206]	kmer:	AGCATGGCTTT
---target sequence name: STRG.2.5---	target starts:	[797]	query starts:	[4821]	kmer:	GGAACAGAAGG
---target sequence name: STRG.2.5---	target starts:	[557]	query starts:	[21134]	kmer:	GGAGTTGAATT
---target sequence name: STRG.2.5---	target starts:	[4109]	query starts:	[4941]	kmer:	TATTTATGATT
---target sequence name: STRG.2.5---	target starts:	[3994]	query starts:	[50632]	kmer:	AAAATTAAATT
---target sequence name: STRG.2.5---	target starts:	[4369]	query starts:	[25685]	kmer:	GATAAATAATT
---target sequence name: STRG.2.5---	target starts:	[1364]	query starts:	[8426]	kmer:	TTTGAAAATAA
---target sequence name: STRG.2.5---	target starts:	[1193]	query starts:	[28242]	kmer:	AGCATAAATCG
---target sequence name: STRG.2.5---	target starts:	[3959]	query starts:	[1637]	kmer:	AAAATCGAACG
---target sequence name: STRG.2.5---	target starts:	[4061]	query starts:	[13507]	kmer:	CATTTTTTATT
---target sequence name: STRG.2.5---	target starts:	[4368]	query starts:	[73214]	kmer:	GGATAAATAAT
---target sequence name: STRG.2.5---	target starts:	[4059]	query starts:	[13505]	kmer:	TTCATTTTTTA
---target sequence name: STRG.2.5---	target starts:	[4239]	query starts:	[25396]	kmer:	TGTAAAATATT
---target sequence name: STRG.2.5---	target starts:	[3385]	query starts:	[49338]	kmer:	AATTAAAAATC
---target sequence name: STRG.2.5---	target starts:	[7]	query starts:	[23396]	kmer:	TGTGTGTGTTA
---target sequence name: STRG.2.5---	target starts:	[1192]	query starts:	[28241]	kmer:	AAGCATAAATC
---target sequence name: STRG.2.5---	target starts:	[41]	query starts:	[15425]	kmer:	GCTAATAATAT
---target sequence name: STRG.2.5---	target starts:	[3985]	query starts:	[36013]	kmer:	GAACGCAAAAA
---target sequence name: STRG.2.5---	target starts:	[3555]	query starts:	[75338]	kmer:	ATTTAAATATG
---target sequence name: STRG.2.5---	target starts:	[964]	query starts:	[91686]	kmer:	AGTTGCATACA
---target sequence name: STRG.2.5---	target starts:	[4048]	query starts:	[1034]	kmer:	AATATAAAATA
---target sequence name: STRG.2.5---	target starts:	[4027]	query starts:	[67119]	kmer:	AAACAGAAATG
---target sequence name: STRG.2.5---	target starts:	[674]	query starts:	[57694]	kmer:	CAATTAATTCT
---target sequence name: STRG.2.5---	target starts:	[2668]	query starts:	[18043]	kmer:	TTCTGCGCAGC
---target sequence name: STRG.2.5---	target starts:	[5]	query starts:	[33499, 55354]	kmer:	TTTGTGTGTGT
---target sequence name: STRG.2.5---	target starts:	[4539]	query starts:	[43933]	kmer:	CCCTTACAAAA
---target sequence name: STRG.2.5---	target starts:	[2157]	query starts:	[85666]	kmer:	CAGCCAGCATA
---target sequence name: STRG.2.5---	target starts:	[3133]	query starts:	[73693]	kmer:	GAATGCCGCAG
---target sequence name: STRG.2.5---	target starts:	[236]	query starts:	[21634]	kmer:	AGTTCAAAAAA
---target sequence name: STRG.2.5---	target starts:	[3102]	query starts:	[54319]	kmer:	TTTTATCAGTA
---target sequence name: STRG.2.5---	target starts:	[2364]	query starts:	[71697]	kmer:	TTCGCAAGGGT
---target sequence name: STRG.2.5---	target starts:	[3697]	query starts:	[7078]	kmer:	AGAGGACTTGG
---target sequence name: STRG.2.5---	target starts:	[2241]	query starts:	[21215]	kmer:	TCAAAAACTTT
---target sequence name: STRG.2.5---	target starts:	[1191]	query starts:	[28240]	kmer:	AAAGCATAAAT
---target sequence name: STRG.2.5---	target starts:	[2380]	query starts:	[78048]	kmer:	GACCAGGACCA
---target sequence name: STRG.2.5---	target starts:	[1130]	query starts:	[19109]	kmer:	ATAGATAACCC
---target sequence name: STRG.2.5---	target starts:	[2044]	query starts:	[49441]	kmer:	TGTGTGGAAGG
---target sequence name: STRG.2.5---	target starts:	[559]	query starts:	[76795]	kmer:	AGTTGAATTGT
---target sequence name: STRG.2.5---	target starts:	[3135]	query starts:	[73695]	kmer:	ATGCCGCAGCA
---target sequence name: STRG.2.5---	target starts:	[3386]	query starts:	[14473]	kmer:	ATTAAAAATCC
---target sequence name: STRG.2.5---	target starts:	[4511]	query starts:	[76893]	kmer:	GGTTAAAATAT
---target sequence name: STRG.2.5---	target starts:	[3556]	query starts:	[75339]	kmer:	TTTAAATATGA
---target sequence name: STRG.2.5---	target starts:	[167]	query starts:	[84311]	kmer:	AGAACAGTGCG
---target sequence name: STRG.2.5---	target starts:	[3786]	query starts:	[6740]	kmer:	AAACGAACGGA
---target sequence name: STRG.2.5---	target starts:	[64]	query starts:	[67759]	kmer:	ATAAAACAGAT
---target sequence name: STRG.2.5---	target starts:	[4105]	query starts:	[17099]	kmer:	TAATTATTTAT
---target sequence name: STRG.2.5---	target starts:	[1796]	query starts:	[40405]	kmer:	GCAGCTGCAGA
---target sequence name: STRG.2.5---	target starts:	[3550]	query starts:	[93879]	kmer:	CGACCATTTAA
---target sequence name: STRG.2.5---	target starts:	[3823]	query starts:	[1559]	kmer:	AGCGCCTGAAG
---target sequence name: STRG.2.5---	target starts:	[4488]	query starts:	[9092]	kmer:	TTTTTTAAATT
---target sequence name: STRG.2.5---	target starts:	[3735]	query starts:	[90601]	kmer:	GTACTAGTTCT
---target sequence name: STRG.2.5---	target starts:	[4500]	query starts:	[85536]	kmer:	CTTTTATTTTC
---target sequence name: STRG.2.5---	target starts:	[1552]	query starts:	[61019]	kmer:	AAGAGCTGGAG
---target sequence name: STRG.2.5---	target starts:	[3703]	query starts:	[27249]	kmer:	CTTGGAATCGA
---target sequence name: STRG.2.5---	target starts:	[3867]	query starts:	[84682]	kmer:	CTACTAATTAT
---target sequence name: STRG.2.5---	target starts:	[2693]	query starts:	[58048]	kmer:	CAATTAAAACA
---target sequence name: STRG.2.5---	target starts:	[182]	query starts:	[98071]	kmer:	TTTCTCAACAT
---target sequence name: STRG.2.5---	target starts:	[3136]	query starts:	[44707, 75846]	kmer:	TGCCGCAGCAG
---target sequence name: STRG.2.5---	target starts:	[3675]	query starts:	[15805]	kmer:	CAAATATTAAT
---target sequence name: STRG.2.5---	target starts:	[3552]	query starts:	[57819, 93881]	kmer:	ACCATTTAAAT
---target sequence name: STRG.2.5---	target starts:	[4705]	query starts:	[17914]	kmer:	TCAAATTAATT
---target sequence name: STRG.2.5---	target starts:	[2093]	query starts:	[69990]	kmer:	GGAGAAGCAAT
---target sequence name: STRG.2.5---	target starts:	[4461]	query starts:	[54986]	kmer:	GATTATAAAAA
---target sequence name: STRG.2.5---	target starts:	[219]	query starts:	[30028]	kmer:	TGGTGAGCAAA
---target sequence name: STRG.2.5---	target starts:	[984]	query starts:	[11041]	kmer:	TTTGTGTTTTG
---target sequence name: STRG.2.5---	target starts:	[3128]	query starts:	[27746]	kmer:	CAGCTGAATGC
---target sequence name: STRG.2.5---	target starts:	[2724]	query starts:	[99761]	kmer:	TTTCTATTTTT
---target sequence name: STRG.2.5---	target starts:	[3999]	query starts:	[33578]	kmer:	TAAATTAAATT
---target sequence name: STRG.2.5---	target starts:	[4651]	query starts:	[54409]	kmer:	AATTTGTTGTA
---target sequence name: STRG.2.5---	target starts:	[2669]	query starts:	[18044]	kmer:	TCTGCGCAGCT
---target sequence name: STRG.2.5---	target starts:	[4497]	query starts:	[78703, 85533]	kmer:	TTTCTTTTATT
---target sequence name: STRG.2.5---	target starts:	[2670]	query starts:	[55989]	kmer:	CTGCGCAGCTT
---target sequence name: STRG.2.5---	target starts:	[452]	query starts:	[95205]	kmer:	CAGCATGGCTT
---target sequence name: STRG.2.5---	target starts:	[4496]	query starts:	[78702]	kmer:	ATTTCTTTTAT
---target sequence name: STRG.2.5---	target starts:	[4503]	query starts:	[26349]	kmer:	TTATTTTCGGT
---target sequence name: STRG.2.5---	target starts:	[4374]	query starts:	[58291]	kmer:	ATAATTCAAAT
---target sequence name: STRG.2.5---	target starts:	[4876]	query starts:	[70754]	kmer:	TTATGAGTTTT
---target sequence name: STRG.2.5---	target starts:	[2861]	query starts:	[64806]	kmer:	AAATATAAGCT
---target sequence name: STRG.2.5---	target starts:	[2551]	query starts:	[37588]	kmer:	AGCAACAAATG
---target sequence name: STRG.2.5---	target starts:	[4308]	query starts:	[46139]	kmer:	ATACCGATAAA
---target sequence name: STRG.2.5---	target starts:	[107]	query starts:	[5844]	kmer:	TCTGTGTGTTC
---target sequence name: STRG.2.5---	target starts:	[2999]	query starts:	[61818]	kmer:	GGAGAGGCGGA
---target sequence name: STRG.2.5---	target starts:	[1131]	query starts:	[19110]	kmer:	TAGATAACCCA
---target sequence name: STRG.2.5---	target starts:	[2122]	query starts:	[81635]	kmer:	TGTAAATATAT
---target sequence name: STRG.2.5---	target starts:	[4873]	query starts:	[81083]	kmer:	TTTTTATGAGT
---target sequence name: STRG.2.5---	target starts:	[1932]	query starts:	[43296]	kmer:	TTATTGTTGGT
---target sequence name: STRG.2.5---	target starts:	[1593]	query starts:	[19724]	kmer:	GCTGGCCTATC
---target sequence name: STRG.2.5---	target starts:	[3197]	query starts:	[4213]	kmer:	GGAGAAGCACT
---target sequence name: STRG.2.5---	target starts:	[4298]	query starts:	[11824]	kmer:	ATAAACACAAA
---target sequence name: STRG.2.5---	target starts:	[3250]	query starts:	[51663]	kmer:	CACGTCCAGAG
---target sequence name: STRG.2.5---	target starts:	[2263]	query starts:	[83422]	kmer:	TCATCGCTGCA
---target sequence name: STRG.2.5---	target starts:	[2518]	query starts:	[44288]	kmer:	TAATGTCAACA
---target sequence name: STRG.2.5---	target starts:	[561]	query starts:	[85958]	kmer:	TTGAATTGTAC
---target sequence name: STRG.2.5---	target starts:	[315]	query starts:	[30642]	kmer:	ACATATTTATT
---target sequence name: STRG.2.5---	target starts:	[4956]	query starts:	[23606]	kmer:	ATTTAATTTTA
---target sequence name: STRG.2.5---	target starts:	[388]	query starts:	[42964]	kmer:	GCAGCAGCCCA
---target sequence name: STRG.2.5---	target starts:	[2273]	query starts:	[84048]	kmer:	ACTTTAAACCC
---target sequence name: STRG.2.5---	target starts:	[4930]	query starts:	[87316]	kmer:	CTTCAAGTACT
---target sequence name: STRG.2.5---	target starts:	[3761, 3936]	query starts:	[65881]	kmer:	ATAATTACAAA
---target sequence name: STRG.2.5---	target starts:	[4990]	query starts:	[32831]	kmer:	ATTGTAAAGTA
---target sequence name: STRG.2.5---	target starts:	[1553]	query starts:	[44265]	kmer:	AGAGCTGGAGA
---target sequence name: STRG.2.5---	target starts:	[4707]	query starts:	[68090]	kmer:	AAATTAATTGT
---target sequence name: STRG.2.5---	target starts:	[4335]	query starts:	[64059]	kmer:	TAATAAATTGT
---target sequence name: STRG.2.5---	target starts:	[4512]	query starts:	[76894]	kmer:	GTTAAAATATT
---target sequence name: STRG.2.5---	target starts:	[556]	query starts:	[21133]	kmer:	CGGAGTTGAAT
---target sequence name: STRG.2.5---	target starts:	[290]	query starts:	[51056]	kmer:	GAATAAATACG
---target sequence name: STRG.2.5---	target starts:	[4384]	query starts:	[45582]	kmer:	TTATATAGGAA
---target sequence name: STRG.2.5---	target starts:	[2497]	query starts:	[47947]	kmer:	ATTTGCCAAAA
---target sequence name: STRG.2.5---	target starts:	[3577]	query starts:	[9317]	kmer:	TTTGTGTTCTA
---target sequence name: STRG.2.5---	target starts:	[4513]	query starts:	[76895]	kmer:	TTAAAATATTG
---target sequence name: STRG.2.5---	target starts:	[1903]	query starts:	[68905]	kmer:	AATAGCATTCT
---target sequence name: STRG.2.5---	target starts:	[2667]	query starts:	[18042]	kmer:	TTTCTGCGCAG
---target sequence name: STRG.2.5---	target starts:	[1982]	query starts:	[20963]	kmer:	TTACCCGAAAA
---target sequence name: STRG.2.5---	target starts:	[4062]	query starts:	[13508]	kmer:	ATTTTTTATTT
---target sequence name: STRG.2.5---	target starts:	[4334]	query starts:	[64058]	kmer:	TTAATAAATTG
---target sequence name: STRG.2.5---	target starts:	[665]	query starts:	[19240]	kmer:	GCAGCGAATCA
---target sequence name: STRG.2.5---	target starts:	[1378]	query starts:	[1071]	kmer:	AGATGTCGCTG
---target sequence name: STRG.2.5---	target starts:	[4494]	query starts:	[56350, 78700]	kmer:	AAATTTCTTTT
---target sequence name: STRG.2.5---	target starts:	[2274]	query starts:	[84049]	kmer:	CTTTAAACCCA
---target sequence name: STRG.2.5---	target starts:	[376]	query starts:	[37882]	kmer:	CAGAGGAAAAG
---target sequence name: STRG.2.5---	target starts:	[2938]	query starts:	[15643]	kmer:	GGAAACACTGC
---target sequence name: STRG.2.5---	target starts:	[1010]	query starts:	[79967]	kmer:	GCATCTGTCCA
---target sequence name: STRG.2.5---	target starts:	[2940]	query starts:	[15645]	kmer:	AAACACTGCAG
---target sequence name: STRG.2.5---	target starts:	[3638]	query starts:	[73448]	kmer:	AACAAAGCCAG
---target sequence name: STRG.2.5---	target starts:	[2117]	query starts:	[6610, 75365]	kmer:	CGTGGTGTAAA
---target sequence name: STRG.2.5---	target starts:	[4003]	query starts:	[25406]	kmer:	TTAAATTAAAC
---target sequence name: STRG.2.5---	target starts:	[4463]	query starts:	[9135]	kmer:	TTATAAAAAAA
---target sequence name: STRG.2.5---	target starts:	[927]	query starts:	[41195]	kmer:	CAATCCGCCAA
---target sequence name: STRG.2.5---	target starts:	[4332]	query starts:	[97331]	kmer:	ATTTAATAAAT
---target sequence name: STRG.2.5---	target starts:	[426]	query starts:	[66890]	kmer:	ACCTTTTTGCT
---target sequence name: STRG.2.5---	target starts:	[3551]	query starts:	[57818, 93880]	kmer:	GACCATTTAAA
---target sequence name: STRG.2.5---	target starts:	[3686]	query starts:	[63672]	kmer:	ATTTCTAATTT
---target sequence name: STRG.2.5---	target starts:	[1739]	query starts:	[85204]	kmer:	ATTTATAATTT
---target sequence name: STRG.2.5---	target starts:	[3704]	query starts:	[27250]	kmer:	TTGGAATCGAA
---target sequence name: STRG.2.5---	target starts:	[4836]	query starts:	[11899]	kmer:	TTTTGCATTCT
---target sequence name: STRG.2.5---	target starts:	[3998]	query starts:	[9148, 33577, 51647]	kmer:	TTAAATTAAAT
---target sequence name: STRG.2.5---	target starts:	[3986]	query starts:	[36014]	kmer:	AACGCAAAAAA
---target sequence name: STRG.2.5---	target starts:	[4464]	query starts:	[9136]	kmer:	TATAAAAAAAT
---target sequence name: STRG.2.5---	target starts:	[1148]	query starts:	[57162]	kmer:	CCGTCGAATGT
---target sequence name: STRG.2.5---	target starts:	[1902]	query starts:	[68904]	kmer:	AAATAGCATTC
---target sequence name: STRG.2.5---	target starts:	[583]	query starts:	[52060]	kmer:	TTTGTTAAACA
---target sequence name: STRG.2.5---	target starts:	[4854]	query starts:	[58046]	kmer:	TGCAATTAAAA
---target sequence name: STRG.2.5---	target starts:	[3451]	query starts:	[12480]	kmer:	TGTTCAGCAAG
---target sequence name: STRG.2.5---	target starts:	[4736]	query starts:	[65071]	kmer:	AAATTGCAAAC
---target sequence name: STRG.2.5---	target starts:	[1147]	query starts:	[57161]	kmer:	GCCGTCGAATG
---target sequence name: STRG.2.5---	target starts:	[4499]	query starts:	[85535]	kmer:	TCTTTTATTTT
---target sequence name: STRG.2.5---	target starts:	[2939]	query starts:	[15644]	kmer:	GAAACACTGCA
---target sequence name: STRG.2.5---	target starts:	[648]	query starts:	[26390]	kmer:	GCATACTTTCG
---target sequence name: STRG.2.5---	target starts:	[3449]	query starts:	[74791]	kmer:	AGTGTTCAGCA
---target sequence name: STRG.2.5---	target starts:	[3420]	query starts:	[35562]	kmer:	GGCCTGCAGAG
---target sequence name: STRG.2.5---	target starts:	[2272]	query starts:	[84047]	kmer:	CACTTTAAACC
---target sequence name: STRG.2.5---	target starts:	[4872]	query starts:	[81082]	kmer:	GTTTTTATGAG
---target sequence name: STRG.2.5---	target starts:	[4297]	query starts:	[11823]	kmer:	TATAAACACAA
---target sequence name: STRG.2.5---	target starts:	[4833]	query starts:	[64369, 66925]	kmer:	AATTTTTGCAT
---target sequence name: STRG.2.5---	target starts:	[582]	query starts:	[52059]	kmer:	CTTTGTTAAAC
---target sequence name: STRG.2.5---	target starts:	[2886]	query starts:	[47332]	kmer:	GTGCTCGGATT
---target sequence name: STRG.2.5---	target starts:	[336]	query starts:	[95781]	kmer:	AACCCACCACA
---target sequence name: STRG.2.5---	target starts:	[1154]	query starts:	[54760]	kmer:	AATGTTAATTA
---target sequence name: STRG.2.5---	target starts:	[3796]	query starts:	[65796]	kmer:	AGACAACAAAA
---target sequence name: STRG.2.5---	target starts:	[3129]	query starts:	[27747]	kmer:	AGCTGAATGCC
---target sequence name: STRG.2.5---	target starts:	[349]	query starts:	[3926]	kmer:	AGCATAACCAA
---target sequence name: STRG.2.5---	target starts:	[3789]	query starts:	[23220]	kmer:	CGAACGGAGAC
---target sequence name: STRG.2.5---	target starts:	[4834]	query starts:	[64370, 66926]	kmer:	ATTTTTGCATT
---target sequence name: STRG.2.5---	target starts:	[337]	query starts:	[95782]	kmer:	ACCCACCACAA
---target sequence name: STRG.2.5---	target starts:	[1554]	query starts:	[46506]	kmer:	GAGCTGGAGAT
---target sequence name: STRG.2.5---	target starts:	[4465]	query starts:	[9137]	kmer:	ATAAAAAAATT
---target sequence name: STRG.2.5---	target starts:	[4106]	query starts:	[17100]	kmer:	AATTATTTATG
---target sequence name: STRG.2.5---	target starts:	[2626]	query starts:	[82198]	kmer:	GTCGGCAAGTG
---target sequence name: STRG.2.5---	target starts:	[4856]	query starts:	[9816]	kmer:	CAATTAAAAAA
---target sequence name: STRG.2.5---	target starts:	[1904]	query starts:	[68906]	kmer:	ATAGCATTCTG
---target sequence name: STRG.2.5---	target starts:	[3868]	query starts:	[84683]	kmer:	TACTAATTATT
---target sequence name: STRG.2.5---	target starts:	[3734]	query starts:	[90600]	kmer:	AGTACTAGTTC
---target sequence name: STRG.2.5---	target starts:	[3755]	query starts:	[76432]	kmer:	AAATCTATAAT
---target sequence name: STRG.2.5---	target starts:	[2898]	query starts:	[96800]	kmer:	GCCGCATCCAT
---target sequence name: STRG.2.5---	target starts:	[1464]	query starts:	[19674]	kmer:	CGCCATATCTT
---target sequence name: STRG.2.5---	target starts:	[3160]	query starts:	[93768]	kmer:	CATTAATGGAG
---target sequence name: STRG.2.5---	target starts:	[1795]	query starts:	[40404]	kmer:	CGCAGCTGCAG
---target sequence name: STRG.2.5---	target starts:	[558]	query starts:	[21135]	kmer:	GAGTTGAATTG
---target sequence name: STRG.2.5---	target starts:	[1555]	query starts:	[46507]	kmer:	AGCTGGAGATG
---target sequence name: STRG.2.5---	target starts:	[2302]	query starts:	[62882]	kmer:	AGGAGAGCAGC
---target sequence name: STRG.2.5---	target starts:	[3687]	query starts:	[63673]	kmer:	TTTCTAATTTA
---target sequence name: STRG.2.5---	target starts:	[4493]	query starts:	[56349, 78699]	kmer:	TAAATTTCTTT
---target sequence name: STRG.2.5---	target starts:	[3425]	query starts:	[37881]	kmer:	GCAGAGGAAAA
---target sequence name: STRG.2.5---	target starts:	[238]	query starts:	[20939]	kmer:	TTCAAAAAATT
---target sequence name: STRG.2.5---	target starts:	[560]	query starts:	[76796]	kmer:	GTTGAATTGTA
---target sequence name: STRG.2.5---	target starts:	[3636]	query starts:	[73446]	kmer:	CCAACAAAGCC
---target sequence name: STRG.2.5---	target starts:	[1190]	query starts:	[28239, 62184]	kmer:	AAAAGCATAAA
---target sequence name: STRG.2.5---	target starts:	[4215]	query starts:	[78091]	kmer:	TAAAAGTTGAC
---target sequence name: STRG.2.5---	target starts:	[4498]	query starts:	[78704, 85534]	kmer:	TTCTTTTATTT
---target sequence name: STRG.2.5---	target starts:	[4028]	query starts:	[67120]	kmer:	AACAGAAATGA
---target sequence name: STRG.2.5---	target starts:	[2118]	query starts:	[6611, 75366]	kmer:	GTGGTGTAAAT
---target sequence name: STRG.2.5---	target starts:	[139]	query starts:	[20089]	kmer:	TTTATTCTCAT
---target sequence name: STRG.2.5---	target starts:	[693]	query starts:	[27063, 27072, 27081]	kmer:	CAGTTGGAGCA
---target sequence name: STRG.2.5---	target starts:	[383]	query starts:	[98799]	kmer:	AAAGGGCAGCA
---target sequence name: STRG.2.5---	target starts:	[965]	query starts:	[91687]	kmer:	GTTGCATACAA
---target sequence name: STRG.2.5---	target starts:	[926]	query starts:	[41194]	kmer:	TCAATCCGCCA
---target sequence name: STRG.2.5---	target starts:	[1465]	query starts:	[19675]	kmer:	GCCATATCTTC
---target sequence name: STRG.2.5---	target starts:	[4296]	query starts:	[11822]	kmer:	GTATAAACACA
---target sequence name: STRG.2.5---	target starts:	[1241]	query starts:	[17088]	kmer:	GTTTTTTCCGG
---target sequence name: STRG.2.5---	target starts:	[4252]	query starts:	[53501]	kmer:	AACGCAACCTG
---target sequence name: STRG.2.5---	target starts:	[3995, 4000]	query starts:	[33579]	kmer:	AAATTAAATTA
---target sequence name: STRG.2.5---	target starts:	[2094]	query starts:	[69991]	kmer:	GAGAAGCAATT
---target sequence name: STRG.2.5---	target starts:	[529]	query starts:	[21868]	kmer:	AGGGGCTTTAA
---target sequence name: STRG.2.5---	target starts:	[4487]	query starts:	[9091]	kmer:	ATTTTTTAAAT
---target sequence name: STRG.2.5---	target starts:	[4060]	query starts:	[13506]	kmer:	TCATTTTTTAT
---target sequence name: STRG.2.5---	target starts:	[2158]	query starts:	[85667]	kmer:	AGCCAGCATAA
---target sequence name: STRG.2.5---	target starts:	[4110]	query starts:	[4942]	kmer:	ATTTATGATTT
---target sequence name: STRG.2.5---	target starts:	[4495]	query starts:	[78701]	kmer:	AATTTCTTTTA
---target sequence name: STRG.2.5---	target starts:	[836]	query starts:	[96031]	kmer:	ACATTTACCAT
---target sequence name: STRG.2.5---	target starts:	[1155]	query starts:	[65159]	kmer:	ATGTTAATTAT
---target sequence name: STRG.2.5---	target starts:	[3639]	query starts:	[73449]	kmer:	ACAAAGCCAGT
---target sequence name: STRG.2.5---	target starts:	[3450]	query starts:	[12479]	kmer:	GTGTTCAGCAA
---target sequence name: STRG.2.5---	target starts:	[4333]	query starts:	[64057, 97332]	kmer:	TTTAATAAATT
---target sequence name: STRG.2.5---	target starts:	[3130]	query starts:	[60426]	kmer:	GCTGAATGCCG
---target sequence name: STRG.2.5---	target starts:	[42]	query starts:	[15426]	kmer:	CTAATAATATT
---target sequence name: STRG.2.5---	target starts:	[3200]	query starts:	[71573]	kmer:	GAAGCACTGTA
---target sequence name: STRG.2.5---	target starts:	[3134]	query starts:	[73694]	kmer:	AATGCCGCAGC
---target sequence name: STRG.2.5---	target starts:	[1359]	query starts:	[50264]	kmer:	TGACCTTTGAA
---target sequence name: STRG.2.5---	target starts:	[3457]	query starts:	[27508]	kmer:	GCAAGTTAATG
---target sequence name: STRG.2.5---	target starts:	[2550]	query starts:	[37587]	kmer:	CAGCAACAAAT
---target sequence name: STRG.2.5---	target starts:	[3968]	query starts:	[23867]	kmer:	CGGGGACAGCA
---target sequence name: STRG.2.5---	target starts:	[1379]	query starts:	[1072]	kmer:	GATGTCGCTGA
---target sequence name: STRG.2.5---	target starts:	[3637]	query starts:	[73447]	kmer:	CAACAAAGCCA
---target sequence name: STRG.2.5---	target starts:	[4955]	query starts:	[64433]	kmer:	AATTTAATTTT
---target sequence name: STRG.2.5---	target starts:	[3172]	query starts:	[67908]	kmer:	TTCGTCACTTT
---target sequence name: STRG.2.5---	target starts:	[1462]	query starts:	[79104]	kmer:	AGCGCCATATC
---target sequence name: STRG.2.5---	target starts:	[2554]	query starts:	[50155]	kmer:	AACAAATGCCA
---target sequence name: STRG.2.5---	target starts:	[581]	query starts:	[52058]	kmer:	ACTTTGTTAAA
---target sequence name: STRG.2.5---	target starts:	[3103]	query starts:	[54320]	kmer:	TTTATCAGTAC
---target sequence name: STRG.2.5---	target starts:	[2275]	query starts:	[84050]	kmer:	TTTAAACCCAA
---target sequence name: STRG.2.5---	target starts:	[663]	query starts:	[73989]	kmer:	CGGCAGCGAAT
---target sequence name: STRG.2.1---	target starts:	[4688]	query starts:	[64368]	kmer:	TAATTTTTGCA
---target sequence name: STRG.2.1---	target starts:	[1948]	query starts:	[69989]	kmer:	CGGAGAAGCAA
---target sequence name: STRG.2.1---	target starts:	[932]	query starts:	[3940]	kmer:	GAAGGATCTGA
---target sequence name: STRG.2.1---	target starts:	[309]	query starts:	[95206]	kmer:	AGCATGGCTTT
---target sequence name: STRG.2.1---	target starts:	[653]	query starts:	[4821]	kmer:	GGAACAGAAGG
---target sequence name: STRG.2.1---	target starts:	[413]	query starts:	[21134]	kmer:	GGAGTTGAATT
---target sequence name: STRG.2.1---	target starts:	[3965]	query starts:	[4941]	kmer:	TATTTATGATT
---target sequence name: STRG.2.1---	target starts:	[3850]	query starts:	[50632]	kmer:	AAAATTAAATT
---target sequence name: STRG.2.1---	target starts:	[4225]	query starts:	[25685]	kmer:	GATAAATAATT
---target sequence name: STRG.2.1---	target starts:	[3815]	query starts:	[1637]	kmer:	AAAATCGAACG
---target sequence name: STRG.2.1---	target starts:	[4224]	query starts:	[73214]	kmer:	GGATAAATAAT
---target sequence name: STRG.2.1---	target starts:	[3915]	query starts:	[13505]	kmer:	TTCATTTTTTA
---target sequence name: STRG.2.1---	target starts:	[4095]	query starts:	[25396]	kmer:	TGTAAAATATT
---target sequence name: STRG.2.1---	target starts:	[3241]	query starts:	[49338]	kmer:	AATTAAAAATC
---target sequence name: STRG.2.1---	target starts:	[1410]	query starts:	[46506]	kmer:	GAGCTGGAGAT
---target sequence name: STRG.2.1---	target starts:	[1048]	query starts:	[28241]	kmer:	AAGCATAAATC
---target sequence name: STRG.2.1---	target starts:	[3841]	query starts:	[36013]	kmer:	GAACGCAAAAA
---target sequence name: STRG.2.1---	target starts:	[3411]	query starts:	[75338]	kmer:	ATTTAAATATG
---target sequence name: STRG.2.1---	target starts:	[820]	query starts:	[91686]	kmer:	AGTTGCATACA
---target sequence name: STRG.2.1---	target starts:	[3904]	query starts:	[1034]	kmer:	AATATAAAATA
---target sequence name: STRG.2.1---	target starts:	[3883]	query starts:	[67119]	kmer:	AAACAGAAATG
---target sequence name: STRG.2.1---	target starts:	[3307]	query starts:	[12480]	kmer:	TGTTCAGCAAG
---target sequence name: STRG.2.1---	target starts:	[530]	query starts:	[57694]	kmer:	CAATTAATTCT
---target sequence name: STRG.2.1---	target starts:	[2524]	query starts:	[18043]	kmer:	TTCTGCGCAGC
---target sequence name: STRG.2.1---	target starts:	[193]	query starts:	[95782]	kmer:	ACCCACCACAA
---target sequence name: STRG.2.1---	target starts:	[4395]	query starts:	[43933]	kmer:	CCCTTACAAAA
---target sequence name: STRG.2.1---	target starts:	[2013]	query starts:	[85666]	kmer:	CAGCCAGCATA
---target sequence name: STRG.2.1---	target starts:	[2989]	query starts:	[73693]	kmer:	GAATGCCGCAG
---target sequence name: STRG.2.1---	target starts:	[4189]	query starts:	[64057, 97332]	kmer:	TTTAATAAATT
---target sequence name: STRG.2.1---	target starts:	[2958]	query starts:	[54319]	kmer:	TTTTATCAGTA
---target sequence name: STRG.2.1---	target starts:	[3917]	query starts:	[13507]	kmer:	CATTTTTTATT
---target sequence name: STRG.2.1---	target starts:	[3553]	query starts:	[7078]	kmer:	AGAGGACTTGG
---target sequence name: STRG.2.1---	target starts:	[2097]	query starts:	[21215]	kmer:	TCAAAAACTTT
---target sequence name: STRG.2.1---	target starts:	[1047]	query starts:	[28240]	kmer:	AAAGCATAAAT
---target sequence name: STRG.2.1---	target starts:	[2236]	query starts:	[78048]	kmer:	GACCAGGACCA
---target sequence name: STRG.2.1---	target starts:	[986]	query starts:	[19109]	kmer:	ATAGATAACCC
---target sequence name: STRG.2.1---	target starts:	[1900]	query starts:	[49441]	kmer:	TGTGTGGAAGG
---target sequence name: STRG.2.1---	target starts:	[415]	query starts:	[76795]	kmer:	AGTTGAATTGT
---target sequence name: STRG.2.1---	target starts:	[2991]	query starts:	[73695]	kmer:	ATGCCGCAGCA
---target sequence name: STRG.2.1---	target starts:	[3242]	query starts:	[14473]	kmer:	ATTAAAAATCC
---target sequence name: STRG.2.1---	target starts:	[4367]	query starts:	[76893]	kmer:	GGTTAAAATAT
---target sequence name: STRG.2.1---	target starts:	[3412]	query starts:	[75339]	kmer:	TTTAAATATGA
---target sequence name: STRG.2.1---	target starts:	[3642]	query starts:	[6740]	kmer:	AAACGAACGGA
---target sequence name: STRG.2.1---	target starts:	[3961]	query starts:	[17099]	kmer:	TAATTATTTAT
---target sequence name: STRG.2.1---	target starts:	[1652]	query starts:	[40405]	kmer:	GCAGCTGCAGA
---target sequence name: STRG.2.1---	target starts:	[3406]	query starts:	[93879]	kmer:	CGACCATTTAA
---target sequence name: STRG.2.1---	target starts:	[3679]	query starts:	[1559]	kmer:	AGCGCCTGAAG
---target sequence name: STRG.2.1---	target starts:	[4344]	query starts:	[9092]	kmer:	TTTTTTAAATT
---target sequence name: STRG.2.1---	target starts:	[3591]	query starts:	[90601]	kmer:	GTACTAGTTCT
---target sequence name: STRG.2.1---	target starts:	[4356]	query starts:	[85536]	kmer:	CTTTTATTTTC
---target sequence name: STRG.2.1---	target starts:	[1408]	query starts:	[61019]	kmer:	AAGAGCTGGAG
---target sequence name: STRG.2.1---	target starts:	[3559]	query starts:	[27249]	kmer:	CTTGGAATCGA
---target sequence name: STRG.2.1---	target starts:	[3723]	query starts:	[84682]	kmer:	CTACTAATTAT
---target sequence name: STRG.2.1---	target starts:	[2549]	query starts:	[58048]	kmer:	CAATTAAAACA
---target sequence name: STRG.2.1---	target starts:	[2992]	query starts:	[44707, 75846]	kmer:	TGCCGCAGCAG
---target sequence name: STRG.2.1---	target starts:	[3531]	query starts:	[15805]	kmer:	CAAATATTAAT
---target sequence name: STRG.2.1---	target starts:	[76]	query starts:	[19018]	kmer:	CATGTTAAAGT
---target sequence name: STRG.2.1---	target starts:	[3408]	query starts:	[57819, 93881]	kmer:	ACCATTTAAAT
---target sequence name: STRG.2.1---	target starts:	[4561]	query starts:	[17914]	kmer:	TCAAATTAATT
---target sequence name: STRG.2.1---	target starts:	[1949]	query starts:	[69990]	kmer:	GGAGAAGCAAT
---target sequence name: STRG.2.1---	target starts:	[4355]	query starts:	[85535]	kmer:	TCTTTTATTTT
---target sequence name: STRG.2.1---	target starts:	[4317]	query starts:	[54986]	kmer:	GATTATAAAAA
---target sequence name: STRG.2.1---	target starts:	[840]	query starts:	[11041]	kmer:	TTTGTGTTTTG
---target sequence name: STRG.2.1---	target starts:	[2984]	query starts:	[27746]	kmer:	CAGCTGAATGC
---target sequence name: STRG.2.1---	target starts:	[2580]	query starts:	[99761]	kmer:	TTTCTATTTTT
---target sequence name: STRG.2.1---	target starts:	[3855]	query starts:	[33578]	kmer:	TAAATTAAATT
---target sequence name: STRG.2.1---	target starts:	[4507]	query starts:	[54409]	kmer:	AATTTGTTGTA
---target sequence name: STRG.2.1---	target starts:	[2525]	query starts:	[18044]	kmer:	TCTGCGCAGCT
---target sequence name: STRG.2.1---	target starts:	[4353]	query starts:	[78703, 85533]	kmer:	TTTCTTTTATT
---target sequence name: STRG.2.1---	target starts:	[2526]	query starts:	[55989]	kmer:	CTGCGCAGCTT
---target sequence name: STRG.2.1---	target starts:	[1049]	query starts:	[28242]	kmer:	AGCATAAATCG
---target sequence name: STRG.2.1---	target starts:	[308]	query starts:	[95205]	kmer:	CAGCATGGCTT
---target sequence name: STRG.2.1---	target starts:	[4352]	query starts:	[78702]	kmer:	ATTTCTTTTAT
---target sequence name: STRG.2.1---	target starts:	[4359]	query starts:	[26349]	kmer:	TTATTTTCGGT
---target sequence name: STRG.2.1---	target starts:	[4230]	query starts:	[58291]	kmer:	ATAATTCAAAT
---target sequence name: STRG.2.1---	target starts:	[4732]	query starts:	[70754]	kmer:	TTATGAGTTTT
---target sequence name: STRG.2.1---	target starts:	[2717]	query starts:	[64806]	kmer:	AAATATAAGCT
---target sequence name: STRG.2.1---	target starts:	[46]	query starts:	[24422]	kmer:	AAACCAAACCA
---target sequence name: STRG.2.1---	target starts:	[2407]	query starts:	[37588]	kmer:	AGCAACAAATG
---target sequence name: STRG.2.1---	target starts:	[4164]	query starts:	[46139]	kmer:	ATACCGATAAA
---target sequence name: STRG.2.1---	target starts:	[2855]	query starts:	[61818]	kmer:	GGAGAGGCGGA
---target sequence name: STRG.2.1---	target starts:	[4728]	query starts:	[81082]	kmer:	GTTTTTATGAG
---target sequence name: STRG.2.1---	target starts:	[987]	query starts:	[19110]	kmer:	TAGATAACCCA
---target sequence name: STRG.2.1---	target starts:	[1978]	query starts:	[81635]	kmer:	TGTAAATATAT
---target sequence name: STRG.2.1---	target starts:	[4729]	query starts:	[81083]	kmer:	TTTTTATGAGT
---target sequence name: STRG.2.1---	target starts:	[1788]	query starts:	[43296]	kmer:	TTATTGTTGGT
---target sequence name: STRG.2.1---	target starts:	[1449]	query starts:	[19724]	kmer:	GCTGGCCTATC
---target sequence name: STRG.2.1---	target starts:	[3053]	query starts:	[4213]	kmer:	GGAGAAGCACT
---target sequence name: STRG.2.1---	target starts:	[4154]	query starts:	[11824]	kmer:	ATAAACACAAA
---target sequence name: STRG.2.1---	target starts:	[3106]	query starts:	[51663]	kmer:	CACGTCCAGAG
---target sequence name: STRG.2.1---	target starts:	[2119]	query starts:	[83422]	kmer:	TCATCGCTGCA
---target sequence name: STRG.2.1---	target starts:	[2374]	query starts:	[44288]	kmer:	TAATGTCAACA
---target sequence name: STRG.2.1---	target starts:	[417]	query starts:	[85958]	kmer:	TTGAATTGTAC
---target sequence name: STRG.2.1---	target starts:	[171]	query starts:	[30642]	kmer:	ACATATTTATT
---target sequence name: STRG.2.1---	target starts:	[4812]	query starts:	[23606]	kmer:	ATTTAATTTTA
---target sequence name: STRG.2.1---	target starts:	[103, 244]	query starts:	[42964]	kmer:	GCAGCAGCCCA
---target sequence name: STRG.2.1---	target starts:	[2129]	query starts:	[84048]	kmer:	ACTTTAAACCC
---target sequence name: STRG.2.1---	target starts:	[4786]	query starts:	[87316]	kmer:	CTTCAAGTACT
---target sequence name: STRG.2.1---	target starts:	[3617, 3792]	query starts:	[65881]	kmer:	ATAATTACAAA
---target sequence name: STRG.2.1---	target starts:	[4846]	query starts:	[32831]	kmer:	ATTGTAAAGTA
---target sequence name: STRG.2.1---	target starts:	[1409]	query starts:	[44265]	kmer:	AGAGCTGGAGA
---target sequence name: STRG.2.1---	target starts:	[4563]	query starts:	[68090]	kmer:	AAATTAATTGT
---target sequence name: STRG.2.1---	target starts:	[4191]	query starts:	[64059]	kmer:	TAATAAATTGT
---target sequence name: STRG.2.1---	target starts:	[4368]	query starts:	[76894]	kmer:	GTTAAAATATT
---target sequence name: STRG.2.1---	target starts:	[412]	query starts:	[21133]	kmer:	CGGAGTTGAAT
---target sequence name: STRG.2.1---	target starts:	[146]	query starts:	[51056]	kmer:	GAATAAATACG
---target sequence name: STRG.2.1---	target starts:	[4240]	query starts:	[45582]	kmer:	TTATATAGGAA
---target sequence name: STRG.2.1---	target starts:	[2353]	query starts:	[47947]	kmer:	ATTTGCCAAAA
---target sequence name: STRG.2.1---	target starts:	[3433]	query starts:	[9317]	kmer:	TTTGTGTTCTA
---target sequence name: STRG.2.1---	target starts:	[4369]	query starts:	[76895]	kmer:	TTAAAATATTG
---target sequence name: STRG.2.1---	target starts:	[1759]	query starts:	[68905]	kmer:	AATAGCATTCT
---target sequence name: STRG.2.1---	target starts:	[2523]	query starts:	[18042]	kmer:	TTTCTGCGCAG
---target sequence name: STRG.2.1---	target starts:	[1838]	query starts:	[20963]	kmer:	TTACCCGAAAA
---target sequence name: STRG.2.1---	target starts:	[3918]	query starts:	[13508]	kmer:	ATTTTTTATTT
---target sequence name: STRG.2.1---	target starts:	[4190]	query starts:	[64058]	kmer:	TTAATAAATTG
---target sequence name: STRG.2.1---	target starts:	[521]	query starts:	[19240]	kmer:	GCAGCGAATCA
---target sequence name: STRG.2.1---	target starts:	[1234]	query starts:	[1071]	kmer:	AGATGTCGCTG
---target sequence name: STRG.2.1---	target starts:	[1220]	query starts:	[8426]	kmer:	TTTGAAAATAA
---target sequence name: STRG.2.1---	target starts:	[4350]	query starts:	[56350, 78700]	kmer:	AAATTTCTTTT
---target sequence name: STRG.2.1---	target starts:	[2130]	query starts:	[84049]	kmer:	CTTTAAACCCA
---target sequence name: STRG.2.1---	target starts:	[91, 232]	query starts:	[37882]	kmer:	CAGAGGAAAAG
---target sequence name: STRG.2.1---	target starts:	[2794]	query starts:	[15643]	kmer:	GGAAACACTGC
---target sequence name: STRG.2.1---	target starts:	[866]	query starts:	[79967]	kmer:	GCATCTGTCCA
---target sequence name: STRG.2.1---	target starts:	[2796]	query starts:	[15645]	kmer:	AAACACTGCAG
---target sequence name: STRG.2.1---	target starts:	[3494]	query starts:	[73448]	kmer:	AACAAAGCCAG
---target sequence name: STRG.2.1---	target starts:	[1973]	query starts:	[6610, 75365]	kmer:	CGTGGTGTAAA
---target sequence name: STRG.2.1---	target starts:	[192]	query starts:	[95781]	kmer:	AACCCACCACA
---target sequence name: STRG.2.1---	target starts:	[4319]	query starts:	[9135]	kmer:	TTATAAAAAAA
---target sequence name: STRG.2.1---	target starts:	[783]	query starts:	[41195]	kmer:	CAATCCGCCAA
---target sequence name: STRG.2.1---	target starts:	[4188]	query starts:	[97331]	kmer:	ATTTAATAAAT
---target sequence name: STRG.2.1---	target starts:	[282]	query starts:	[66890]	kmer:	ACCTTTTTGCT
---target sequence name: STRG.2.1---	target starts:	[3407]	query starts:	[57818, 93880]	kmer:	GACCATTTAAA
---target sequence name: STRG.2.1---	target starts:	[3542]	query starts:	[63672]	kmer:	ATTTCTAATTT
---target sequence name: STRG.2.1---	target starts:	[1595]	query starts:	[85204]	kmer:	ATTTATAATTT
---target sequence name: STRG.2.1---	target starts:	[3276]	query starts:	[35562]	kmer:	GGCCTGCAGAG
---target sequence name: STRG.2.1---	target starts:	[3560]	query starts:	[27250]	kmer:	TTGGAATCGAA
---target sequence name: STRG.2.1---	target starts:	[3859]	query starts:	[25406]	kmer:	TTAAATTAAAC
---target sequence name: STRG.2.1---	target starts:	[4692]	query starts:	[11899]	kmer:	TTTTGCATTCT
---target sequence name: STRG.2.1---	target starts:	[3854]	query starts:	[9148, 33577, 51647]	kmer:	TTAAATTAAAT
---target sequence name: STRG.2.1---	target starts:	[3842]	query starts:	[36014]	kmer:	AACGCAAAAAA
---target sequence name: STRG.2.1---	target starts:	[4320]	query starts:	[9136]	kmer:	TATAAAAAAAT
---target sequence name: STRG.2.1---	target starts:	[3645]	query starts:	[23220]	kmer:	CGAACGGAGAC
---target sequence name: STRG.2.1---	target starts:	[1004]	query starts:	[57162]	kmer:	CCGTCGAATGT
---target sequence name: STRG.2.1---	target starts:	[1758]	query starts:	[68904]	kmer:	AAATAGCATTC
---target sequence name: STRG.2.1---	target starts:	[439]	query starts:	[52060]	kmer:	TTTGTTAAACA
---target sequence name: STRG.2.1---	target starts:	[4710]	query starts:	[58046]	kmer:	TGCAATTAAAA
---target sequence name: STRG.2.1---	target starts:	[4592]	query starts:	[65071]	kmer:	AAATTGCAAAC
---target sequence name: STRG.2.1---	target starts:	[1003]	query starts:	[57161]	kmer:	GCCGTCGAATG
---target sequence name: STRG.2.1---	target starts:	[2795]	query starts:	[15644]	kmer:	GAAACACTGCA
---target sequence name: STRG.2.1---	target starts:	[504]	query starts:	[26390]	kmer:	GCATACTTTCG
---target sequence name: STRG.2.1---	target starts:	[3305]	query starts:	[74791]	kmer:	AGTGTTCAGCA
---target sequence name: STRG.2.1---	target starts:	[2128]	query starts:	[84047]	kmer:	CACTTTAAACC
---target sequence name: STRG.2.1---	target starts:	[4153]	query starts:	[11823]	kmer:	TATAAACACAA
---target sequence name: STRG.2.1---	target starts:	[4689]	query starts:	[64369, 66925]	kmer:	AATTTTTGCAT
---target sequence name: STRG.2.1---	target starts:	[438]	query starts:	[52059]	kmer:	CTTTGTTAAAC
---target sequence name: STRG.2.1---	target starts:	[2742]	query starts:	[47332]	kmer:	GTGCTCGGATT
---target sequence name: STRG.2.1---	target starts:	[1010]	query starts:	[54760]	kmer:	AATGTTAATTA
---target sequence name: STRG.2.1---	target starts:	[3652]	query starts:	[65796]	kmer:	AGACAACAAAA
---target sequence name: STRG.2.1---	target starts:	[2985]	query starts:	[27747]	kmer:	AGCTGAATGCC
---target sequence name: STRG.2.1---	target starts:	[64, 205]	query starts:	[3926]	kmer:	AGCATAACCAA
---target sequence name: STRG.2.1---	target starts:	[4690]	query starts:	[64370, 66926]	kmer:	ATTTTTGCATT
---target sequence name: STRG.2.1---	target starts:	[4321]	query starts:	[9137]	kmer:	ATAAAAAAATT
---target sequence name: STRG.2.1---	target starts:	[3962]	query starts:	[17100]	kmer:	AATTATTTATG
---target sequence name: STRG.2.1---	target starts:	[2482]	query starts:	[82198]	kmer:	GTCGGCAAGTG
---target sequence name: STRG.2.1---	target starts:	[4712]	query starts:	[9816]	kmer:	CAATTAAAAAA
---target sequence name: STRG.2.1---	target starts:	[1760]	query starts:	[68906]	kmer:	ATAGCATTCTG
---target sequence name: STRG.2.1---	target starts:	[3724]	query starts:	[84683]	kmer:	TACTAATTATT
---target sequence name: STRG.2.1---	target starts:	[3590]	query starts:	[90600]	kmer:	AGTACTAGTTC
---target sequence name: STRG.2.1---	target starts:	[3611]	query starts:	[76432]	kmer:	AAATCTATAAT
---target sequence name: STRG.2.1---	target starts:	[2754]	query starts:	[96800]	kmer:	GCCGCATCCAT
---target sequence name: STRG.2.1---	target starts:	[1320]	query starts:	[19674]	kmer:	CGCCATATCTT
---target sequence name: STRG.2.1---	target starts:	[3016]	query starts:	[93768]	kmer:	CATTAATGGAG
---target sequence name: STRG.2.1---	target starts:	[1651]	query starts:	[40404]	kmer:	CGCAGCTGCAG
---target sequence name: STRG.2.1---	target starts:	[414]	query starts:	[21135]	kmer:	GAGTTGAATTG
---target sequence name: STRG.2.1---	target starts:	[1411]	query starts:	[46507]	kmer:	AGCTGGAGATG
---target sequence name: STRG.2.1---	target starts:	[2158]	query starts:	[62882]	kmer:	AGGAGAGCAGC
---target sequence name: STRG.2.1---	target starts:	[3543]	query starts:	[63673]	kmer:	TTTCTAATTTA
---target sequence name: STRG.2.1---	target starts:	[4349]	query starts:	[56349, 78699]	kmer:	TAAATTTCTTT
---target sequence name: STRG.2.1---	target starts:	[2220]	query starts:	[71697]	kmer:	TTCGCAAGGGT
---target sequence name: STRG.2.1---	target starts:	[3281]	query starts:	[37881]	kmer:	GCAGAGGAAAA
---target sequence name: STRG.2.1---	target starts:	[416]	query starts:	[76796]	kmer:	GTTGAATTGTA
---target sequence name: STRG.2.1---	target starts:	[3492]	query starts:	[73446]	kmer:	CCAACAAAGCC
---target sequence name: STRG.2.1---	target starts:	[1046]	query starts:	[28239, 62184]	kmer:	AAAAGCATAAA
---target sequence name: STRG.2.1---	target starts:	[4071]	query starts:	[78091]	kmer:	TAAAAGTTGAC
---target sequence name: STRG.2.1---	target starts:	[4354]	query starts:	[78704, 85534]	kmer:	TTCTTTTATTT
---target sequence name: STRG.2.1---	target starts:	[3884]	query starts:	[67120]	kmer:	AACAGAAATGA
---target sequence name: STRG.2.1---	target starts:	[1974]	query starts:	[6611, 75366]	kmer:	GTGGTGTAAAT
---target sequence name: STRG.2.1---	target starts:	[549]	query starts:	[27063, 27072, 27081]	kmer:	CAGTTGGAGCA
---target sequence name: STRG.2.1---	target starts:	[98, 239]	query starts:	[98799]	kmer:	AAAGGGCAGCA
---target sequence name: STRG.2.1---	target starts:	[821]	query starts:	[91687]	kmer:	GTTGCATACAA
---target sequence name: STRG.2.1---	target starts:	[782]	query starts:	[41194]	kmer:	TCAATCCGCCA
---target sequence name: STRG.2.1---	target starts:	[1321]	query starts:	[19675]	kmer:	GCCATATCTTC
---target sequence name: STRG.2.1---	target starts:	[4152]	query starts:	[11822]	kmer:	GTATAAACACA
---target sequence name: STRG.2.1---	target starts:	[1097]	query starts:	[17088]	kmer:	GTTTTTTCCGG
---target sequence name: STRG.2.1---	target starts:	[4108]	query starts:	[53501]	kmer:	AACGCAACCTG
---target sequence name: STRG.2.1---	target starts:	[3851, 3856]	query starts:	[33579]	kmer:	AAATTAAATTA
---target sequence name: STRG.2.1---	target starts:	[1950]	query starts:	[69991]	kmer:	GAGAAGCAATT
---target sequence name: STRG.2.1---	target starts:	[385]	query starts:	[21868]	kmer:	AGGGGCTTTAA
---target sequence name: STRG.2.1---	target starts:	[4343]	query starts:	[9091]	kmer:	ATTTTTTAAAT
---target sequence name: STRG.2.1---	target starts:	[3916]	query starts:	[13506]	kmer:	TCATTTTTTAT
---target sequence name: STRG.2.1---	target starts:	[2014]	query starts:	[85667]	kmer:	AGCCAGCATAA
---target sequence name: STRG.2.1---	target starts:	[3966]	query starts:	[4942]	kmer:	ATTTATGATTT
---target sequence name: STRG.2.1---	target starts:	[4351]	query starts:	[78701]	kmer:	AATTTCTTTTA
---target sequence name: STRG.2.1---	target starts:	[692]	query starts:	[96031]	kmer:	ACATTTACCAT
---target sequence name: STRG.2.1---	target starts:	[1011]	query starts:	[65159]	kmer:	ATGTTAATTAT
---target sequence name: STRG.2.1---	target starts:	[3495]	query starts:	[73449]	kmer:	ACAAAGCCAGT
---target sequence name: STRG.2.1---	target starts:	[3306]	query starts:	[12479]	kmer:	GTGTTCAGCAA
---target sequence name: STRG.2.1---	target starts:	[2986]	query starts:	[60426]	kmer:	GCTGAATGCCG
---target sequence name: STRG.2.1---	target starts:	[3056]	query starts:	[71573]	kmer:	GAAGCACTGTA
---target sequence name: STRG.2.1---	target starts:	[2990]	query starts:	[73694]	kmer:	AATGCCGCAGC
---target sequence name: STRG.2.1---	target starts:	[1215]	query starts:	[50264]	kmer:	TGACCTTTGAA
---target sequence name: STRG.2.1---	target starts:	[3313]	query starts:	[27508]	kmer:	GCAAGTTAATG
---target sequence name: STRG.2.1---	target starts:	[2406]	query starts:	[37587]	kmer:	CAGCAACAAAT
---target sequence name: STRG.2.1---	target starts:	[3824]	query starts:	[23867]	kmer:	CGGGGACAGCA
---target sequence name: STRG.2.1---	target starts:	[1235]	query starts:	[1072]	kmer:	GATGTCGCTGA
---target sequence name: STRG.2.1---	target starts:	[3493]	query starts:	[73447]	kmer:	CAACAAAGCCA
---target sequence name: STRG.2.1---	target starts:	[4811]	query starts:	[64433]	kmer:	AATTTAATTTT
---target sequence name: STRG.2.1---	target starts:	[3028]	query starts:	[67908]	kmer:	TTCGTCACTTT
---target sequence name: STRG.2.1---	target starts:	[1318]	query starts:	[79104]	kmer:	AGCGCCATATC
---target sequence name: STRG.2.1---	target starts:	[2410]	query starts:	[50155]	kmer:	AACAAATGCCA
---target sequence name: STRG.2.1---	target starts:	[437]	query starts:	[52058]	kmer:	ACTTTGTTAAA
---target sequence name: STRG.2.1---	target starts:	[2959]	query starts:	[54320]	kmer:	TTTATCAGTAC
---target sequence name: STRG.2.1---	target starts:	[2131]	query starts:	[84050]	kmer:	TTTAAACCCAA
---target sequence name: STRG.2.1---	target starts:	[519]	query starts:	[73989]	kmer:	CGGCAGCGAAT
---target sequence name: STRG.2.4---	target starts:	[4523]	query starts:	[64368]	kmer:	TAATTTTTGCA
---target sequence name: STRG.2.4---	target starts:	[1783]	query starts:	[69989]	kmer:	CGGAGAAGCAA
---target sequence name: STRG.2.4---	target starts:	[767]	query starts:	[3940]	kmer:	GAAGGATCTGA
---target sequence name: STRG.2.4---	target starts:	[144]	query starts:	[95206]	kmer:	AGCATGGCTTT
---target sequence name: STRG.2.4---	target starts:	[488]	query starts:	[4821]	kmer:	GGAACAGAAGG
---target sequence name: STRG.2.4---	target starts:	[248]	query starts:	[21134]	kmer:	GGAGTTGAATT
---target sequence name: STRG.2.4---	target starts:	[3800]	query starts:	[4941]	kmer:	TATTTATGATT
---target sequence name: STRG.2.4---	target starts:	[3685]	query starts:	[50632]	kmer:	AAAATTAAATT
---target sequence name: STRG.2.4---	target starts:	[4060]	query starts:	[25685]	kmer:	GATAAATAATT
---target sequence name: STRG.2.4---	target starts:	[3650]	query starts:	[1637]	kmer:	AAAATCGAACG
---target sequence name: STRG.2.4---	target starts:	[4059]	query starts:	[73214]	kmer:	GGATAAATAAT
---target sequence name: STRG.2.4---	target starts:	[3750]	query starts:	[13505]	kmer:	TTCATTTTTTA
---target sequence name: STRG.2.4---	target starts:	[3930]	query starts:	[25396]	kmer:	TGTAAAATATT
---target sequence name: STRG.2.4---	target starts:	[3076]	query starts:	[49338]	kmer:	AATTAAAAATC
---target sequence name: STRG.2.4---	target starts:	[1245]	query starts:	[46506]	kmer:	GAGCTGGAGAT
---target sequence name: STRG.2.4---	target starts:	[883]	query starts:	[28241]	kmer:	AAGCATAAATC
---target sequence name: STRG.2.4---	target starts:	[3676]	query starts:	[36013]	kmer:	GAACGCAAAAA
---target sequence name: STRG.2.4---	target starts:	[3246]	query starts:	[75338]	kmer:	ATTTAAATATG
---target sequence name: STRG.2.4---	target starts:	[655]	query starts:	[91686]	kmer:	AGTTGCATACA
---target sequence name: STRG.2.4---	target starts:	[3739]	query starts:	[1034]	kmer:	AATATAAAATA
---target sequence name: STRG.2.4---	target starts:	[3718]	query starts:	[67119]	kmer:	AAACAGAAATG
---target sequence name: STRG.2.4---	target starts:	[3142]	query starts:	[12480]	kmer:	TGTTCAGCAAG
---target sequence name: STRG.2.4---	target starts:	[365]	query starts:	[57694]	kmer:	CAATTAATTCT
---target sequence name: STRG.2.4---	target starts:	[2359]	query starts:	[18043]	kmer:	TTCTGCGCAGC
---target sequence name: STRG.2.4---	target starts:	[1848]	query starts:	[85666]	kmer:	CAGCCAGCATA
---target sequence name: STRG.2.4---	target starts:	[2824]	query starts:	[73693]	kmer:	GAATGCCGCAG
---target sequence name: STRG.2.4---	target starts:	[4024]	query starts:	[64057, 97332]	kmer:	TTTAATAAATT
---target sequence name: STRG.2.4---	target starts:	[2793]	query starts:	[54319]	kmer:	TTTTATCAGTA
---target sequence name: STRG.2.4---	target starts:	[3752]	query starts:	[13507]	kmer:	CATTTTTTATT
---target sequence name: STRG.2.4---	target starts:	[3388]	query starts:	[7078]	kmer:	AGAGGACTTGG
---target sequence name: STRG.2.4---	target starts:	[1932]	query starts:	[21215]	kmer:	TCAAAAACTTT
---target sequence name: STRG.2.4---	target starts:	[882]	query starts:	[28240]	kmer:	AAAGCATAAAT
---target sequence name: STRG.2.4---	target starts:	[2071]	query starts:	[78048]	kmer:	GACCAGGACCA
---target sequence name: STRG.2.4---	target starts:	[821]	query starts:	[19109]	kmer:	ATAGATAACCC
---target sequence name: STRG.2.4---	target starts:	[1735]	query starts:	[49441]	kmer:	TGTGTGGAAGG
---target sequence name: STRG.2.4---	target starts:	[250]	query starts:	[76795]	kmer:	AGTTGAATTGT
---target sequence name: STRG.2.4---	target starts:	[2826]	query starts:	[73695]	kmer:	ATGCCGCAGCA
---target sequence name: STRG.2.4---	target starts:	[3077]	query starts:	[14473]	kmer:	ATTAAAAATCC
---target sequence name: STRG.2.4---	target starts:	[4202]	query starts:	[76893]	kmer:	GGTTAAAATAT
---target sequence name: STRG.2.4---	target starts:	[3247]	query starts:	[75339]	kmer:	TTTAAATATGA
---target sequence name: STRG.2.4---	target starts:	[3477]	query starts:	[6740]	kmer:	AAACGAACGGA
---target sequence name: STRG.2.4---	target starts:	[3796]	query starts:	[17099]	kmer:	TAATTATTTAT
---target sequence name: STRG.2.4---	target starts:	[1487]	query starts:	[40405]	kmer:	GCAGCTGCAGA
---target sequence name: STRG.2.4---	target starts:	[3241]	query starts:	[93879]	kmer:	CGACCATTTAA
---target sequence name: STRG.2.4---	target starts:	[3514]	query starts:	[1559]	kmer:	AGCGCCTGAAG
---target sequence name: STRG.2.4---	target starts:	[4179]	query starts:	[9092]	kmer:	TTTTTTAAATT
---target sequence name: STRG.2.4---	target starts:	[3426]	query starts:	[90601]	kmer:	GTACTAGTTCT
---target sequence name: STRG.2.4---	target starts:	[4191]	query starts:	[85536]	kmer:	CTTTTATTTTC
---target sequence name: STRG.2.4---	target starts:	[1243]	query starts:	[61019]	kmer:	AAGAGCTGGAG
---target sequence name: STRG.2.4---	target starts:	[3394]	query starts:	[27249]	kmer:	CTTGGAATCGA
---target sequence name: STRG.2.4---	target starts:	[3558]	query starts:	[84682]	kmer:	CTACTAATTAT
---target sequence name: STRG.2.4---	target starts:	[2384]	query starts:	[58048]	kmer:	CAATTAAAACA
---target sequence name: STRG.2.4---	target starts:	[2827]	query starts:	[44707, 75846]	kmer:	TGCCGCAGCAG
---target sequence name: STRG.2.4---	target starts:	[3366]	query starts:	[15805]	kmer:	CAAATATTAAT
---target sequence name: STRG.2.4---	target starts:	[76]	query starts:	[19018]	kmer:	CATGTTAAAGT
---target sequence name: STRG.2.4---	target starts:	[3243]	query starts:	[57819, 93881]	kmer:	ACCATTTAAAT
---target sequence name: STRG.2.4---	target starts:	[4396]	query starts:	[17914]	kmer:	TCAAATTAATT
---target sequence name: STRG.2.4---	target starts:	[1784]	query starts:	[69990]	kmer:	GGAGAAGCAAT
---target sequence name: STRG.2.4---	target starts:	[4190]	query starts:	[85535]	kmer:	TCTTTTATTTT
---target sequence name: STRG.2.4---	target starts:	[4152]	query starts:	[54986]	kmer:	GATTATAAAAA
---target sequence name: STRG.2.4---	target starts:	[675]	query starts:	[11041]	kmer:	TTTGTGTTTTG
---target sequence name: STRG.2.4---	target starts:	[2819]	query starts:	[27746]	kmer:	CAGCTGAATGC
---target sequence name: STRG.2.4---	target starts:	[2415]	query starts:	[99761]	kmer:	TTTCTATTTTT
---target sequence name: STRG.2.4---	target starts:	[3690]	query starts:	[33578]	kmer:	TAAATTAAATT
---target sequence name: STRG.2.4---	target starts:	[4342]	query starts:	[54409]	kmer:	AATTTGTTGTA
---target sequence name: STRG.2.4---	target starts:	[2360]	query starts:	[18044]	kmer:	TCTGCGCAGCT
---target sequence name: STRG.2.4---	target starts:	[4188]	query starts:	[78703, 85533]	kmer:	TTTCTTTTATT
---target sequence name: STRG.2.4---	target starts:	[2361]	query starts:	[55989]	kmer:	CTGCGCAGCTT
---target sequence name: STRG.2.4---	target starts:	[884]	query starts:	[28242]	kmer:	AGCATAAATCG
---target sequence name: STRG.2.4---	target starts:	[143]	query starts:	[95205]	kmer:	CAGCATGGCTT
---target sequence name: STRG.2.4---	target starts:	[4187]	query starts:	[78702]	kmer:	ATTTCTTTTAT
---target sequence name: STRG.2.4---	target starts:	[4194]	query starts:	[26349]	kmer:	TTATTTTCGGT
---target sequence name: STRG.2.4---	target starts:	[4065]	query starts:	[58291]	kmer:	ATAATTCAAAT
---target sequence name: STRG.2.4---	target starts:	[4567]	query starts:	[70754]	kmer:	TTATGAGTTTT
---target sequence name: STRG.2.4---	target starts:	[2552]	query starts:	[64806]	kmer:	AAATATAAGCT
---target sequence name: STRG.2.4---	target starts:	[46]	query starts:	[24422]	kmer:	AAACCAAACCA
---target sequence name: STRG.2.4---	target starts:	[2242]	query starts:	[37588]	kmer:	AGCAACAAATG
---target sequence name: STRG.2.4---	target starts:	[3999]	query starts:	[46139]	kmer:	ATACCGATAAA
---target sequence name: STRG.2.4---	target starts:	[2690]	query starts:	[61818]	kmer:	GGAGAGGCGGA
---target sequence name: STRG.2.4---	target starts:	[4563]	query starts:	[81082]	kmer:	GTTTTTATGAG
---target sequence name: STRG.2.4---	target starts:	[822]	query starts:	[19110]	kmer:	TAGATAACCCA
---target sequence name: STRG.2.4---	target starts:	[1813]	query starts:	[81635]	kmer:	TGTAAATATAT
---target sequence name: STRG.2.4---	target starts:	[4564]	query starts:	[81083]	kmer:	TTTTTATGAGT
---target sequence name: STRG.2.4---	target starts:	[1623]	query starts:	[43296]	kmer:	TTATTGTTGGT
---target sequence name: STRG.2.4---	target starts:	[1284]	query starts:	[19724]	kmer:	GCTGGCCTATC
---target sequence name: STRG.2.4---	target starts:	[2888]	query starts:	[4213]	kmer:	GGAGAAGCACT
---target sequence name: STRG.2.4---	target starts:	[3906]	query starts:	[78091]	kmer:	TAAAAGTTGAC
---target sequence name: STRG.2.4---	target starts:	[3989]	query starts:	[11824]	kmer:	ATAAACACAAA
---target sequence name: STRG.2.4---	target starts:	[2941]	query starts:	[51663]	kmer:	CACGTCCAGAG
---target sequence name: STRG.2.4---	target starts:	[1954]	query starts:	[83422]	kmer:	TCATCGCTGCA
---target sequence name: STRG.2.4---	target starts:	[2209]	query starts:	[44288]	kmer:	TAATGTCAACA
---target sequence name: STRG.2.4---	target starts:	[252]	query starts:	[85958]	kmer:	TTGAATTGTAC
---target sequence name: STRG.2.4---	target starts:	[4647]	query starts:	[23606]	kmer:	ATTTAATTTTA
---target sequence name: STRG.2.4---	target starts:	[103]	query starts:	[42964]	kmer:	GCAGCAGCCCA
---target sequence name: STRG.2.4---	target starts:	[1964]	query starts:	[84048]	kmer:	ACTTTAAACCC
---target sequence name: STRG.2.4---	target starts:	[4621]	query starts:	[87316]	kmer:	CTTCAAGTACT
---target sequence name: STRG.2.4---	target starts:	[3452, 3627]	query starts:	[65881]	kmer:	ATAATTACAAA
---target sequence name: STRG.2.4---	target starts:	[4681]	query starts:	[32831]	kmer:	ATTGTAAAGTA
---target sequence name: STRG.2.4---	target starts:	[1244]	query starts:	[44265]	kmer:	AGAGCTGGAGA
---target sequence name: STRG.2.4---	target starts:	[4398]	query starts:	[68090]	kmer:	AAATTAATTGT
---target sequence name: STRG.2.4---	target starts:	[4026]	query starts:	[64059]	kmer:	TAATAAATTGT
---target sequence name: STRG.2.4---	target starts:	[4203]	query starts:	[76894]	kmer:	GTTAAAATATT
---target sequence name: STRG.2.4---	target starts:	[247]	query starts:	[21133]	kmer:	CGGAGTTGAAT
---target sequence name: STRG.2.4---	target starts:	[4230]	query starts:	[43933]	kmer:	CCCTTACAAAA
---target sequence name: STRG.2.4---	target starts:	[4075]	query starts:	[45582]	kmer:	TTATATAGGAA
---target sequence name: STRG.2.4---	target starts:	[2188]	query starts:	[47947]	kmer:	ATTTGCCAAAA
---target sequence name: STRG.2.4---	target starts:	[3268]	query starts:	[9317]	kmer:	TTTGTGTTCTA
---target sequence name: STRG.2.4---	target starts:	[4204]	query starts:	[76895]	kmer:	TTAAAATATTG
---target sequence name: STRG.2.4---	target starts:	[1594]	query starts:	[68905]	kmer:	AATAGCATTCT
---target sequence name: STRG.2.4---	target starts:	[2358]	query starts:	[18042]	kmer:	TTTCTGCGCAG
---target sequence name: STRG.2.4---	target starts:	[1673]	query starts:	[20963]	kmer:	TTACCCGAAAA
---target sequence name: STRG.2.4---	target starts:	[3753]	query starts:	[13508]	kmer:	ATTTTTTATTT
---target sequence name: STRG.2.4---	target starts:	[4025]	query starts:	[64058]	kmer:	TTAATAAATTG
---target sequence name: STRG.2.4---	target starts:	[356]	query starts:	[19240]	kmer:	GCAGCGAATCA
---target sequence name: STRG.2.4---	target starts:	[1069]	query starts:	[1071]	kmer:	AGATGTCGCTG
---target sequence name: STRG.2.4---	target starts:	[1055]	query starts:	[8426]	kmer:	TTTGAAAATAA
---target sequence name: STRG.2.4---	target starts:	[4185]	query starts:	[56350, 78700]	kmer:	AAATTTCTTTT
---target sequence name: STRG.2.4---	target starts:	[1965]	query starts:	[84049]	kmer:	CTTTAAACCCA
---target sequence name: STRG.2.4---	target starts:	[91]	query starts:	[37882]	kmer:	CAGAGGAAAAG
---target sequence name: STRG.2.4---	target starts:	[2629]	query starts:	[15643]	kmer:	GGAAACACTGC
---target sequence name: STRG.2.4---	target starts:	[701]	query starts:	[79967]	kmer:	GCATCTGTCCA
---target sequence name: STRG.2.4---	target starts:	[2631]	query starts:	[15645]	kmer:	AAACACTGCAG
---target sequence name: STRG.2.4---	target starts:	[3329]	query starts:	[73448]	kmer:	AACAAAGCCAG
---target sequence name: STRG.2.4---	target starts:	[1808]	query starts:	[6610, 75365]	kmer:	CGTGGTGTAAA
---target sequence name: STRG.2.4---	target starts:	[4154]	query starts:	[9135]	kmer:	TTATAAAAAAA
---target sequence name: STRG.2.4---	target starts:	[618]	query starts:	[41195]	kmer:	CAATCCGCCAA
---target sequence name: STRG.2.4---	target starts:	[4023]	query starts:	[97331]	kmer:	ATTTAATAAAT
---target sequence name: STRG.2.4---	target starts:	[3242]	query starts:	[57818, 93880]	kmer:	GACCATTTAAA
---target sequence name: STRG.2.4---	target starts:	[3377]	query starts:	[63672]	kmer:	ATTTCTAATTT
---target sequence name: STRG.2.4---	target starts:	[1430]	query starts:	[85204]	kmer:	ATTTATAATTT
---target sequence name: STRG.2.4---	target starts:	[3111]	query starts:	[35562]	kmer:	GGCCTGCAGAG
---target sequence name: STRG.2.4---	target starts:	[3395]	query starts:	[27250]	kmer:	TTGGAATCGAA
---target sequence name: STRG.2.4---	target starts:	[3694]	query starts:	[25406]	kmer:	TTAAATTAAAC
---target sequence name: STRG.2.4---	target starts:	[4527]	query starts:	[11899]	kmer:	TTTTGCATTCT
---target sequence name: STRG.2.4---	target starts:	[3689]	query starts:	[9148, 33577, 51647]	kmer:	TTAAATTAAAT
---target sequence name: STRG.2.4---	target starts:	[3677]	query starts:	[36014]	kmer:	AACGCAAAAAA
---target sequence name: STRG.2.4---	target starts:	[4155]	query starts:	[9136]	kmer:	TATAAAAAAAT
---target sequence name: STRG.2.4---	target starts:	[3480]	query starts:	[23220]	kmer:	CGAACGGAGAC
---target sequence name: STRG.2.4---	target starts:	[839]	query starts:	[57162]	kmer:	CCGTCGAATGT
---target sequence name: STRG.2.4---	target starts:	[1593]	query starts:	[68904]	kmer:	AAATAGCATTC
---target sequence name: STRG.2.4---	target starts:	[274]	query starts:	[52060]	kmer:	TTTGTTAAACA
---target sequence name: STRG.2.4---	target starts:	[4545]	query starts:	[58046]	kmer:	TGCAATTAAAA
---target sequence name: STRG.2.4---	target starts:	[4156]	query starts:	[9137]	kmer:	ATAAAAAAATT
---target sequence name: STRG.2.4---	target starts:	[4427]	query starts:	[65071]	kmer:	AAATTGCAAAC
---target sequence name: STRG.2.4---	target starts:	[838]	query starts:	[57161]	kmer:	GCCGTCGAATG
---target sequence name: STRG.2.4---	target starts:	[2630]	query starts:	[15644]	kmer:	GAAACACTGCA
---target sequence name: STRG.2.4---	target starts:	[339]	query starts:	[26390]	kmer:	GCATACTTTCG
---target sequence name: STRG.2.4---	target starts:	[3140]	query starts:	[74791]	kmer:	AGTGTTCAGCA
---target sequence name: STRG.2.4---	target starts:	[1963]	query starts:	[84047]	kmer:	CACTTTAAACC
---target sequence name: STRG.2.4---	target starts:	[3988]	query starts:	[11823]	kmer:	TATAAACACAA
---target sequence name: STRG.2.4---	target starts:	[4524]	query starts:	[64369, 66925]	kmer:	AATTTTTGCAT
---target sequence name: STRG.2.4---	target starts:	[273]	query starts:	[52059]	kmer:	CTTTGTTAAAC
---target sequence name: STRG.2.4---	target starts:	[2577]	query starts:	[47332]	kmer:	GTGCTCGGATT
---target sequence name: STRG.2.4---	target starts:	[845]	query starts:	[54760]	kmer:	AATGTTAATTA
---target sequence name: STRG.2.4---	target starts:	[3487]	query starts:	[65796]	kmer:	AGACAACAAAA
---target sequence name: STRG.2.4---	target starts:	[2820]	query starts:	[27747]	kmer:	AGCTGAATGCC
---target sequence name: STRG.2.4---	target starts:	[64]	query starts:	[3926]	kmer:	AGCATAACCAA
---target sequence name: STRG.2.4---	target starts:	[4525]	query starts:	[64370, 66926]	kmer:	ATTTTTGCATT
---target sequence name: STRG.2.4---	target starts:	[2317]	query starts:	[82198]	kmer:	GTCGGCAAGTG
---target sequence name: STRG.2.4---	target starts:	[4547]	query starts:	[9816]	kmer:	CAATTAAAAAA
---target sequence name: STRG.2.4---	target starts:	[1595]	query starts:	[68906]	kmer:	ATAGCATTCTG
---target sequence name: STRG.2.4---	target starts:	[3559]	query starts:	[84683]	kmer:	TACTAATTATT
---target sequence name: STRG.2.4---	target starts:	[3425]	query starts:	[90600]	kmer:	AGTACTAGTTC
---target sequence name: STRG.2.4---	target starts:	[3446]	query starts:	[76432]	kmer:	AAATCTATAAT
---target sequence name: STRG.2.4---	target starts:	[2589]	query starts:	[96800]	kmer:	GCCGCATCCAT
---target sequence name: STRG.2.4---	target starts:	[1155]	query starts:	[19674]	kmer:	CGCCATATCTT
---target sequence name: STRG.2.4---	target starts:	[2851]	query starts:	[93768]	kmer:	CATTAATGGAG
---target sequence name: STRG.2.4---	target starts:	[1486]	query starts:	[40404]	kmer:	CGCAGCTGCAG
---target sequence name: STRG.2.4---	target starts:	[249]	query starts:	[21135]	kmer:	GAGTTGAATTG
---target sequence name: STRG.2.4---	target starts:	[1246]	query starts:	[46507]	kmer:	AGCTGGAGATG
---target sequence name: STRG.2.4---	target starts:	[1993]	query starts:	[62882]	kmer:	AGGAGAGCAGC
---target sequence name: STRG.2.4---	target starts:	[3378]	query starts:	[63673]	kmer:	TTTCTAATTTA
---target sequence name: STRG.2.4---	target starts:	[4184]	query starts:	[56349, 78699]	kmer:	TAAATTTCTTT
---target sequence name: STRG.2.4---	target starts:	[2055]	query starts:	[71697]	kmer:	TTCGCAAGGGT
---target sequence name: STRG.2.4---	target starts:	[3116]	query starts:	[37881]	kmer:	GCAGAGGAAAA
---target sequence name: STRG.2.4---	target starts:	[251]	query starts:	[76796]	kmer:	GTTGAATTGTA
---target sequence name: STRG.2.4---	target starts:	[3327]	query starts:	[73446]	kmer:	CCAACAAAGCC
---target sequence name: STRG.2.4---	target starts:	[881]	query starts:	[28239, 62184]	kmer:	AAAAGCATAAA
---target sequence name: STRG.2.4---	target starts:	[4189]	query starts:	[78704, 85534]	kmer:	TTCTTTTATTT
---target sequence name: STRG.2.4---	target starts:	[3719]	query starts:	[67120]	kmer:	AACAGAAATGA
---target sequence name: STRG.2.4---	target starts:	[1809]	query starts:	[6611, 75366]	kmer:	GTGGTGTAAAT
---target sequence name: STRG.2.4---	target starts:	[384]	query starts:	[27063, 27072, 27081]	kmer:	CAGTTGGAGCA
---target sequence name: STRG.2.4---	target starts:	[98]	query starts:	[98799]	kmer:	AAAGGGCAGCA
---target sequence name: STRG.2.4---	target starts:	[656]	query starts:	[91687]	kmer:	GTTGCATACAA
---target sequence name: STRG.2.4---	target starts:	[617]	query starts:	[41194]	kmer:	TCAATCCGCCA
---target sequence name: STRG.2.4---	target starts:	[1156]	query starts:	[19675]	kmer:	GCCATATCTTC
---target sequence name: STRG.2.4---	target starts:	[3987]	query starts:	[11822]	kmer:	GTATAAACACA
---target sequence name: STRG.2.4---	target starts:	[932]	query starts:	[17088]	kmer:	GTTTTTTCCGG
---target sequence name: STRG.2.4---	target starts:	[3943]	query starts:	[53501]	kmer:	AACGCAACCTG
---target sequence name: STRG.2.4---	target starts:	[3686, 3691]	query starts:	[33579]	kmer:	AAATTAAATTA
---target sequence name: STRG.2.4---	target starts:	[1785]	query starts:	[69991]	kmer:	GAGAAGCAATT
---target sequence name: STRG.2.4---	target starts:	[3797]	query starts:	[17100]	kmer:	AATTATTTATG
---target sequence name: STRG.2.4---	target starts:	[220]	query starts:	[21868]	kmer:	AGGGGCTTTAA
---target sequence name: STRG.2.4---	target starts:	[4178]	query starts:	[9091]	kmer:	ATTTTTTAAAT
---target sequence name: STRG.2.4---	target starts:	[3751]	query starts:	[13506]	kmer:	TCATTTTTTAT
---target sequence name: STRG.2.4---	target starts:	[1849]	query starts:	[85667]	kmer:	AGCCAGCATAA
---target sequence name: STRG.2.4---	target starts:	[3801]	query starts:	[4942]	kmer:	ATTTATGATTT
---target sequence name: STRG.2.4---	target starts:	[4186]	query starts:	[78701]	kmer:	AATTTCTTTTA
---target sequence name: STRG.2.4---	target starts:	[527]	query starts:	[96031]	kmer:	ACATTTACCAT
---target sequence name: STRG.2.4---	target starts:	[846]	query starts:	[65159]	kmer:	ATGTTAATTAT
---target sequence name: STRG.2.4---	target starts:	[3330]	query starts:	[73449]	kmer:	ACAAAGCCAGT
---target sequence name: STRG.2.4---	target starts:	[3141]	query starts:	[12479]	kmer:	GTGTTCAGCAA
---target sequence name: STRG.2.4---	target starts:	[2821]	query starts:	[60426]	kmer:	GCTGAATGCCG
---target sequence name: STRG.2.4---	target starts:	[2891]	query starts:	[71573]	kmer:	GAAGCACTGTA
---target sequence name: STRG.2.4---	target starts:	[2825]	query starts:	[73694]	kmer:	AATGCCGCAGC
---target sequence name: STRG.2.4---	target starts:	[1050]	query starts:	[50264]	kmer:	TGACCTTTGAA
---target sequence name: STRG.2.4---	target starts:	[3148]	query starts:	[27508]	kmer:	GCAAGTTAATG
---target sequence name: STRG.2.4---	target starts:	[2241]	query starts:	[37587]	kmer:	CAGCAACAAAT
---target sequence name: STRG.2.4---	target starts:	[3659]	query starts:	[23867]	kmer:	CGGGGACAGCA
---target sequence name: STRG.2.4---	target starts:	[1070]	query starts:	[1072]	kmer:	GATGTCGCTGA
---target sequence name: STRG.2.4---	target starts:	[3328]	query starts:	[73447]	kmer:	CAACAAAGCCA
---target sequence name: STRG.2.4---	target starts:	[4646]	query starts:	[64433]	kmer:	AATTTAATTTT
---target sequence name: STRG.2.4---	target starts:	[2863]	query starts:	[67908]	kmer:	TTCGTCACTTT
---target sequence name: STRG.2.4---	target starts:	[1153]	query starts:	[79104]	kmer:	AGCGCCATATC
---target sequence name: STRG.2.4---	target starts:	[2245]	query starts:	[50155]	kmer:	AACAAATGCCA
---target sequence name: STRG.2.4---	target starts:	[272]	query starts:	[52058]	kmer:	ACTTTGTTAAA
---target sequence name: STRG.2.4---	target starts:	[2794]	query starts:	[54320]	kmer:	TTTATCAGTAC
---target sequence name: STRG.2.4---	target starts:	[1966]	query starts:	[84050]	kmer:	TTTAAACCCAA
---target sequence name: STRG.2.4---	target starts:	[354]	query starts:	[73989]	kmer:	CGGCAGCGAAT
---target sequence name: STRG.2.3---	target starts:	[4862]	query starts:	[64368]	kmer:	TAATTTTTGCA
---target sequence name: STRG.2.3---	target starts:	[2122]	query starts:	[69989]	kmer:	CGGAGAAGCAA
---target sequence name: STRG.2.3---	target starts:	[1106]	query starts:	[3940]	kmer:	GAAGGATCTGA
---target sequence name: STRG.2.3---	target starts:	[220]	query starts:	[67157]	kmer:	GAATACATACA
---target sequence name: STRG.2.3---	target starts:	[483]	query starts:	[95206]	kmer:	AGCATGGCTTT
---target sequence name: STRG.2.3---	target starts:	[827]	query starts:	[4821]	kmer:	GGAACAGAAGG
---target sequence name: STRG.2.3---	target starts:	[587]	query starts:	[21134]	kmer:	GGAGTTGAATT
---target sequence name: STRG.2.3---	target starts:	[4139]	query starts:	[4941]	kmer:	TATTTATGATT
---target sequence name: STRG.2.3---	target starts:	[4024]	query starts:	[50632]	kmer:	AAAATTAAATT
---target sequence name: STRG.2.3---	target starts:	[4399]	query starts:	[25685]	kmer:	GATAAATAATT
---target sequence name: STRG.2.3---	target starts:	[1394]	query starts:	[8426]	kmer:	TTTGAAAATAA
---target sequence name: STRG.2.3---	target starts:	[1223]	query starts:	[28242]	kmer:	AGCATAAATCG
---target sequence name: STRG.2.3---	target starts:	[3989]	query starts:	[1637]	kmer:	AAAATCGAACG
---target sequence name: STRG.2.3---	target starts:	[4091]	query starts:	[13507]	kmer:	CATTTTTTATT
---target sequence name: STRG.2.3---	target starts:	[4398]	query starts:	[73214]	kmer:	GGATAAATAAT
---target sequence name: STRG.2.3---	target starts:	[4089]	query starts:	[13505]	kmer:	TTCATTTTTTA
---target sequence name: STRG.2.3---	target starts:	[4269]	query starts:	[25396]	kmer:	TGTAAAATATT
---target sequence name: STRG.2.3---	target starts:	[3415]	query starts:	[49338]	kmer:	AATTAAAAATC
---target sequence name: STRG.2.3---	target starts:	[32]	query starts:	[23396]	kmer:	TGTGTGTGTTA
---target sequence name: STRG.2.3---	target starts:	[1222]	query starts:	[28241]	kmer:	AAGCATAAATC
---target sequence name: STRG.2.3---	target starts:	[66]	query starts:	[15425]	kmer:	GCTAATAATAT
---target sequence name: STRG.2.3---	target starts:	[4015]	query starts:	[36013]	kmer:	GAACGCAAAAA
---target sequence name: STRG.2.3---	target starts:	[3585]	query starts:	[75338]	kmer:	ATTTAAATATG
---target sequence name: STRG.2.3---	target starts:	[994]	query starts:	[91686]	kmer:	AGTTGCATACA
---target sequence name: STRG.2.3---	target starts:	[4078]	query starts:	[1034]	kmer:	AATATAAAATA
---target sequence name: STRG.2.3---	target starts:	[239]	query starts:	[96951]	kmer:	CGTGATGGTGA
---target sequence name: STRG.2.3---	target starts:	[4057]	query starts:	[67119]	kmer:	AAACAGAAATG
---target sequence name: STRG.2.3---	target starts:	[3481]	query starts:	[12480]	kmer:	TGTTCAGCAAG
---target sequence name: STRG.2.3---	target starts:	[704]	query starts:	[57694]	kmer:	CAATTAATTCT
---target sequence name: STRG.2.3---	target starts:	[2698]	query starts:	[18043]	kmer:	TTCTGCGCAGC
---target sequence name: STRG.2.3---	target starts:	[30]	query starts:	[33499, 55354]	kmer:	TTTGTGTGTGT
---target sequence name: STRG.2.3---	target starts:	[4569]	query starts:	[43933]	kmer:	CCCTTACAAAA
---target sequence name: STRG.2.3---	target starts:	[3163]	query starts:	[73693]	kmer:	GAATGCCGCAG
---target sequence name: STRG.2.3---	target starts:	[261]	query starts:	[21634]	kmer:	AGTTCAAAAAA
---target sequence name: STRG.2.3---	target starts:	[3132]	query starts:	[54319]	kmer:	TTTTATCAGTA
---target sequence name: STRG.2.3---	target starts:	[2394]	query starts:	[71697]	kmer:	TTCGCAAGGGT
---target sequence name: STRG.2.3---	target starts:	[3727]	query starts:	[7078]	kmer:	AGAGGACTTGG
---target sequence name: STRG.2.3---	target starts:	[2271]	query starts:	[21215]	kmer:	TCAAAAACTTT
---target sequence name: STRG.2.3---	target starts:	[1221]	query starts:	[28240]	kmer:	AAAGCATAAAT
---target sequence name: STRG.2.3---	target starts:	[2410]	query starts:	[78048]	kmer:	GACCAGGACCA
---target sequence name: STRG.2.3---	target starts:	[1160]	query starts:	[19109]	kmer:	ATAGATAACCC
---target sequence name: STRG.2.3---	target starts:	[2074]	query starts:	[49441]	kmer:	TGTGTGGAAGG
---target sequence name: STRG.2.3---	target starts:	[589]	query starts:	[76795]	kmer:	AGTTGAATTGT
---target sequence name: STRG.2.3---	target starts:	[3165]	query starts:	[73695]	kmer:	ATGCCGCAGCA
---target sequence name: STRG.2.3---	target starts:	[3416]	query starts:	[14473]	kmer:	ATTAAAAATCC
---target sequence name: STRG.2.3---	target starts:	[4541]	query starts:	[76893]	kmer:	GGTTAAAATAT
---target sequence name: STRG.2.3---	target starts:	[3586]	query starts:	[75339]	kmer:	TTTAAATATGA
---target sequence name: STRG.2.3---	target starts:	[192]	query starts:	[84311]	kmer:	AGAACAGTGCG
---target sequence name: STRG.2.3---	target starts:	[3816]	query starts:	[6740]	kmer:	AAACGAACGGA
---target sequence name: STRG.2.3---	target starts:	[89]	query starts:	[67759]	kmer:	ATAAAACAGAT
---target sequence name: STRG.2.3---	target starts:	[4135]	query starts:	[17099]	kmer:	TAATTATTTAT
---target sequence name: STRG.2.3---	target starts:	[3580]	query starts:	[93879]	kmer:	CGACCATTTAA
---target sequence name: STRG.2.3---	target starts:	[3853]	query starts:	[1559]	kmer:	AGCGCCTGAAG
---target sequence name: STRG.2.3---	target starts:	[4518]	query starts:	[9092]	kmer:	TTTTTTAAATT
---target sequence name: STRG.2.3---	target starts:	[3765]	query starts:	[90601]	kmer:	GTACTAGTTCT
---target sequence name: STRG.2.3---	target starts:	[4530]	query starts:	[85536]	kmer:	CTTTTATTTTC
---target sequence name: STRG.2.3---	target starts:	[1582]	query starts:	[61019]	kmer:	AAGAGCTGGAG
---target sequence name: STRG.2.3---	target starts:	[3733]	query starts:	[27249]	kmer:	CTTGGAATCGA
---target sequence name: STRG.2.3---	target starts:	[3897]	query starts:	[84682]	kmer:	CTACTAATTAT
---target sequence name: STRG.2.3---	target starts:	[2723]	query starts:	[58048]	kmer:	CAATTAAAACA
---target sequence name: STRG.2.3---	target starts:	[207]	query starts:	[98071]	kmer:	TTTCTCAACAT
---target sequence name: STRG.2.3---	target starts:	[3166]	query starts:	[44707, 75846]	kmer:	TGCCGCAGCAG
---target sequence name: STRG.2.3---	target starts:	[3705]	query starts:	[15805]	kmer:	CAAATATTAAT
---target sequence name: STRG.2.3---	target starts:	[3582]	query starts:	[57819, 93881]	kmer:	ACCATTTAAAT
---target sequence name: STRG.2.3---	target starts:	[4735]	query starts:	[17914]	kmer:	TCAAATTAATT
---target sequence name: STRG.2.3---	target starts:	[2123]	query starts:	[69990]	kmer:	GGAGAAGCAAT
---target sequence name: STRG.2.3---	target starts:	[4491]	query starts:	[54986]	kmer:	GATTATAAAAA
---target sequence name: STRG.2.3---	target starts:	[244]	query starts:	[30028]	kmer:	TGGTGAGCAAA
---target sequence name: STRG.2.3---	target starts:	[1014]	query starts:	[11041]	kmer:	TTTGTGTTTTG
---target sequence name: STRG.2.3---	target starts:	[3158]	query starts:	[27746]	kmer:	CAGCTGAATGC
---target sequence name: STRG.2.3---	target starts:	[2754]	query starts:	[99761]	kmer:	TTTCTATTTTT
---target sequence name: STRG.2.3---	target starts:	[4029]	query starts:	[33578]	kmer:	TAAATTAAATT
---target sequence name: STRG.2.3---	target starts:	[4681]	query starts:	[54409]	kmer:	AATTTGTTGTA
---target sequence name: STRG.2.3---	target starts:	[2699]	query starts:	[18044]	kmer:	TCTGCGCAGCT
---target sequence name: STRG.2.3---	target starts:	[4527]	query starts:	[78703, 85533]	kmer:	TTTCTTTTATT
---target sequence name: STRG.2.3---	target starts:	[2700]	query starts:	[55989]	kmer:	CTGCGCAGCTT
---target sequence name: STRG.2.3---	target starts:	[482]	query starts:	[95205]	kmer:	CAGCATGGCTT
---target sequence name: STRG.2.3---	target starts:	[4526]	query starts:	[78702]	kmer:	ATTTCTTTTAT
