/usr/local/Cellar/quast/4.2/quast.py -R reference.fasta /Users/cmdb/qbb2016-answers/lab_2/velvet/contigs.fa /Users/cmdb/qbb2016-answers/lab_2/velvetlong/contigs.fa /Users/cmdb/qbb2016-answers/lab_2/spades_short/contigs.fasta /Users/cmdb/qbb2016-answers/lab_2/spades_actual/contigs.fasta

Version: 4.2, build 21.07.2016 14:03

System information:
  OS: Darwin-15.6.0-x86_64-i386-64bit (macosx)
  Python version: 2.7.12
  CPUs number: 4

Started: 2016-09-22 22:43:14

Logging to /Users/cmdb/qbb2016-answers/lab_2/quast_results/results_2016_09_22_22_43_14/quast.log
NOTICE: Maximum number of threads is set to 1 (use --threads option to set it manually)

Main parameters: 
  Threads: 1, minimum contig length: 500, ambiguity: one, threshold for extensive misassembly size: 1000

Reference:
  reference.fasta ==> reference

Contigs:
  1  /Users/cmdb/qbb2016-answers/lab_2/velvet/contigs.fa ==> velvet_contigs
  2  /Users/cmdb/qbb2016-answers/lab_2/velvetlong/contigs.fa ==> velvetlong_contigs
  3  /Users/cmdb/qbb2016-answers/lab_2/spades_short/contigs.fasta ==> spades_short_contigs
  4  /Users/cmdb/qbb2016-answers/lab_2/spades_actual/contigs.fasta ==> spades_actual_contigs

2016-09-22 22:43:16
Running Basic statistics processor...
  Reference genome:
    reference.fasta, Reference length = 4639675, Reference GC % = 50.79
  Contig files: 
    1  velvet_contigs
    2  velvetlong_contigs
    3  spades_short_contigs
    4  spades_actual_contigs
  Calculating N50 and L50...
    1  velvet_contigs, N50 = 679, L50 = 5, Total length = 8044, GC % = 50.31, # N's per 100 kbp =  0.00
    2  velvetlong_contigs, N50 = 19876, L50 = 2, Total length = 99371, GC % = 52.56, # N's per 100 kbp =  0.00
    3  spades_short_contigs, N50 = 100000, L50 = 1, Total length = 100000, GC % = 52.59, # N's per 100 kbp =  0.00
    4  spades_actual_contigs, N50 = 718, L50 = 8, Total length = 15922, GC % = 51.21, # N's per 100 kbp =  0.00
  Drawing Nx plot...
    saved to /Users/cmdb/qbb2016-answers/lab_2/quast_results/results_2016_09_22_22_43_14/basic_stats/Nx_plot.pdf
  Drawing NGx plot...
    saved to /Users/cmdb/qbb2016-answers/lab_2/quast_results/results_2016_09_22_22_43_14/basic_stats/NGx_plot.pdf
  Drawing cumulative plot...
    saved to /Users/cmdb/qbb2016-answers/lab_2/quast_results/results_2016_09_22_22_43_14/basic_stats/cumulative_plot.pdf
  Drawing GC content plot...
    saved to /Users/cmdb/qbb2016-answers/lab_2/quast_results/results_2016_09_22_22_43_14/basic_stats/GC_content_plot.pdf
  Drawing Coverage histogram (bin size: 1x)...
    saved to /Users/cmdb/qbb2016-answers/lab_2/quast_results/results_2016_09_22_22_43_14/basic_stats/coverage_histogram.pdf
  Drawing velvet_contigs coverage histogram (bin size: 1x)...
    saved to /Users/cmdb/qbb2016-answers/lab_2/quast_results/results_2016_09_22_22_43_14/basic_stats/velvet_contigs_coverage_histogram.pdf
  Drawing velvetlong_contigs coverage histogram (bin size: 11x)...
    saved to /Users/cmdb/qbb2016-answers/lab_2/quast_results/results_2016_09_22_22_43_14/basic_stats/velvetlong_contigs_coverage_histogram.pdf
  Drawing spades_short_contigs coverage histogram (bin size: 1x)...
    saved to /Users/cmdb/qbb2016-answers/lab_2/quast_results/results_2016_09_22_22_43_14/basic_stats/spades_short_contigs_coverage_histogram.pdf
  Drawing spades_actual_contigs coverage histogram (bin size: 1x)...
    saved to /Users/cmdb/qbb2016-answers/lab_2/quast_results/results_2016_09_22_22_43_14/basic_stats/spades_actual_contigs_coverage_histogram.pdf
Done.

2016-09-22 22:43:20
Running Contig analyzer...
  1  velvet_contigs
  1  Logging to files /Users/cmdb/qbb2016-answers/lab_2/quast_results/results_2016_09_22_22_43_14/contigs_reports/contigs_report_velvet_contigs.stdout and contigs_report_velvet_contigs.stderr...
  1  Aligning contigs to the reference
  1  /usr/local/Cellar/quast/4.2/libs/MUMmer3.23-osx/nucmer -c 65 -l 65 --maxmatch \
     -p quast_results/results_2016_09_22_22_43_14/contigs_reports/nucmer_output/velvet_contigs \
     quast_results/results_2016_09_22_22_43_14/quast_corrected_input/reference.fasta \
     quast_results/results_2016_09_22_22_43_14/quast_corrected_input/velvet_contigs.fa \
     >> quast_results/results_2016_09_22_22_43_14/contigs_reports/contigs_report_velvet_contigs.stdout \
     2>> quast_results/results_2016_09_22_22_43_14/contigs_reports/contigs_report_velvet_contigs.stderr
  1  /usr/local/Cellar/quast/4.2/libs/MUMmer3.23-osx/delta-filter -i 95.0 -l 0 quast_results/results_2016_09_22_22_43_14/contigs_reports/nucmer_output/velvet_contigs.delta \
     > quast_results/results_2016_09_22_22_43_14/contigs_reports/nucmer_output/velvet_contigs.fdelta \
     2> quast_results/results_2016_09_22_22_43_14/contigs_reports/contigs_report_velvet_contigs.stderr
  1  /usr/local/Cellar/quast/4.2/libs/MUMmer3.23-osx/show-coords quast_results/results_2016_09_22_22_43_14/contigs_reports/nucmer_output/velvet_contigs.delta \
     > quast_results/results_2016_09_22_22_43_14/contigs_reports/nucmer_output/velvet_contigs.coords_tmp \
     2> quast_results/results_2016_09_22_22_43_14/contigs_reports/contigs_report_velvet_contigs.stderr
  1  /usr/local/Cellar/quast/4.2/libs/MUMmer3.23-osx/show-snps -S -T -H quast_results/results_2016_09_22_22_43_14/contigs_reports/nucmer_output/velvet_contigs.delta \
     < quast_results/results_2016_09_22_22_43_14/contigs_reports/nucmer_output/velvet_contigs.coords.headless \
     > quast_results/results_2016_09_22_22_43_14/contigs_reports/nucmer_output/velvet_contigs.all_snps \
     2> quast_results/results_2016_09_22_22_43_14/contigs_reports/contigs_report_velvet_contigs.stderr
  1  Alignments: quast_results/results_2016_09_22_22_43_14/contigs_reports/alignments_velvet_contigs.tsv
  1  Analysis is finished.

  2  velvetlong_contigs
  2  Logging to files /Users/cmdb/qbb2016-answers/lab_2/quast_results/results_2016_09_22_22_43_14/contigs_reports/contigs_report_velvetlong_contigs.stdout and contigs_report_velvetlong_contigs.stderr...
  2  Aligning contigs to the reference
  2  /usr/local/Cellar/quast/4.2/libs/MUMmer3.23-osx/nucmer -c 65 -l 65 --maxmatch \
     -p quast_results/results_2016_09_22_22_43_14/contigs_reports/nucmer_output/velvetlong_contigs \
     quast_results/results_2016_09_22_22_43_14/quast_corrected_input/reference.fasta \
     quast_results/results_2016_09_22_22_43_14/quast_corrected_input/velvetlong_contigs.fa \
     >> quast_results/results_2016_09_22_22_43_14/contigs_reports/contigs_report_velvetlong_contigs.stdout \
     2>> quast_results/results_2016_09_22_22_43_14/contigs_reports/contigs_report_velvetlong_contigs.stderr
  2  /usr/local/Cellar/quast/4.2/libs/MUMmer3.23-osx/delta-filter -i 95.0 -l 0 quast_results/results_2016_09_22_22_43_14/contigs_reports/nucmer_output/velvetlong_contigs.delta \
     > quast_results/results_2016_09_22_22_43_14/contigs_reports/nucmer_output/velvetlong_contigs.fdelta \
     2> quast_results/results_2016_09_22_22_43_14/contigs_reports/contigs_report_velvetlong_contigs.stderr
  2  /usr/local/Cellar/quast/4.2/libs/MUMmer3.23-osx/show-coords quast_results/results_2016_09_22_22_43_14/contigs_reports/nucmer_output/velvetlong_contigs.delta \
     > quast_results/results_2016_09_22_22_43_14/contigs_reports/nucmer_output/velvetlong_contigs.coords_tmp \
     2> quast_results/results_2016_09_22_22_43_14/contigs_reports/contigs_report_velvetlong_contigs.stderr
  2  /usr/local/Cellar/quast/4.2/libs/MUMmer3.23-osx/show-snps -S -T -H quast_results/results_2016_09_22_22_43_14/contigs_reports/nucmer_output/velvetlong_contigs.delta \
     < quast_results/results_2016_09_22_22_43_14/contigs_reports/nucmer_output/velvetlong_contigs.coords.headless \
     > quast_results/results_2016_09_22_22_43_14/contigs_reports/nucmer_output/velvetlong_contigs.all_snps \
     2> quast_results/results_2016_09_22_22_43_14/contigs_reports/contigs_report_velvetlong_contigs.stderr
  2  Alignments: quast_results/results_2016_09_22_22_43_14/contigs_reports/alignments_velvetlong_contigs.tsv
  2  Analysis is finished.

  3  spades_short_contigs
  3  Logging to files /Users/cmdb/qbb2016-answers/lab_2/quast_results/results_2016_09_22_22_43_14/contigs_reports/contigs_report_spades_short_contigs.stdout and contigs_report_spades_short_contigs.stderr...
  3  Aligning contigs to the reference
  3  /usr/local/Cellar/quast/4.2/libs/MUMmer3.23-osx/nucmer -c 65 -l 65 --maxmatch \
     -p quast_results/results_2016_09_22_22_43_14/contigs_reports/nucmer_output/spades_short_contigs \
     quast_results/results_2016_09_22_22_43_14/quast_corrected_input/reference.fasta \
     quast_results/results_2016_09_22_22_43_14/quast_corrected_input/spades_short_contigs.fasta \
     >> quast_results/results_2016_09_22_22_43_14/contigs_reports/contigs_report_spades_short_contigs.stdout \
     2>> quast_results/results_2016_09_22_22_43_14/contigs_reports/contigs_report_spades_short_contigs.stderr
  3  /usr/local/Cellar/quast/4.2/libs/MUMmer3.23-osx/delta-filter -i 95.0 -l 0 quast_results/results_2016_09_22_22_43_14/contigs_reports/nucmer_output/spades_short_contigs.delta \
     > quast_results/results_2016_09_22_22_43_14/contigs_reports/nucmer_output/spades_short_contigs.fdelta \
     2> quast_results/results_2016_09_22_22_43_14/contigs_reports/contigs_report_spades_short_contigs.stderr
  3  /usr/local/Cellar/quast/4.2/libs/MUMmer3.23-osx/show-coords quast_results/results_2016_09_22_22_43_14/contigs_reports/nucmer_output/spades_short_contigs.delta \
     > quast_results/results_2016_09_22_22_43_14/contigs_reports/nucmer_output/spades_short_contigs.coords_tmp \
     2> quast_results/results_2016_09_22_22_43_14/contigs_reports/contigs_report_spades_short_contigs.stderr
  3  /usr/local/Cellar/quast/4.2/libs/MUMmer3.23-osx/show-snps -S -T -H quast_results/results_2016_09_22_22_43_14/contigs_reports/nucmer_output/spades_short_contigs.delta \
     < quast_results/results_2016_09_22_22_43_14/contigs_reports/nucmer_output/spades_short_contigs.coords.headless \
     > quast_results/results_2016_09_22_22_43_14/contigs_reports/nucmer_output/spades_short_contigs.all_snps \
     2> quast_results/results_2016_09_22_22_43_14/contigs_reports/contigs_report_spades_short_contigs.stderr
  3  Alignments: quast_results/results_2016_09_22_22_43_14/contigs_reports/alignments_spades_short_contigs.tsv
  3  Analysis is finished.

  4  spades_actual_contigs
  4  Logging to files /Users/cmdb/qbb2016-answers/lab_2/quast_results/results_2016_09_22_22_43_14/contigs_reports/contigs_report_spades_actual_contigs.stdout and contigs_report_spades_actual_contigs.stderr...
  4  Aligning contigs to the reference
  4  /usr/local/Cellar/quast/4.2/libs/MUMmer3.23-osx/nucmer -c 65 -l 65 --maxmatch \
     -p quast_results/results_2016_09_22_22_43_14/contigs_reports/nucmer_output/spades_actual_contigs \
     quast_results/results_2016_09_22_22_43_14/quast_corrected_input/reference.fasta \
     quast_results/results_2016_09_22_22_43_14/quast_corrected_input/spades_actual_contigs.fasta \
     >> quast_results/results_2016_09_22_22_43_14/contigs_reports/contigs_report_spades_actual_contigs.stdout \
     2>> quast_results/results_2016_09_22_22_43_14/contigs_reports/contigs_report_spades_actual_contigs.stderr
  4  /usr/local/Cellar/quast/4.2/libs/MUMmer3.23-osx/delta-filter -i 95.0 -l 0 quast_results/results_2016_09_22_22_43_14/contigs_reports/nucmer_output/spades_actual_contigs.delta \
     > quast_results/results_2016_09_22_22_43_14/contigs_reports/nucmer_output/spades_actual_contigs.fdelta \
     2> quast_results/results_2016_09_22_22_43_14/contigs_reports/contigs_report_spades_actual_contigs.stderr
  4  /usr/local/Cellar/quast/4.2/libs/MUMmer3.23-osx/show-coords quast_results/results_2016_09_22_22_43_14/contigs_reports/nucmer_output/spades_actual_contigs.delta \
     > quast_results/results_2016_09_22_22_43_14/contigs_reports/nucmer_output/spades_actual_contigs.coords_tmp \
     2> quast_results/results_2016_09_22_22_43_14/contigs_reports/contigs_report_spades_actual_contigs.stderr
  4  /usr/local/Cellar/quast/4.2/libs/MUMmer3.23-osx/show-snps -S -T -H quast_results/results_2016_09_22_22_43_14/contigs_reports/nucmer_output/spades_actual_contigs.delta \
     < quast_results/results_2016_09_22_22_43_14/contigs_reports/nucmer_output/spades_actual_contigs.coords.headless \
     > quast_results/results_2016_09_22_22_43_14/contigs_reports/nucmer_output/spades_actual_contigs.all_snps \
     2> quast_results/results_2016_09_22_22_43_14/contigs_reports/contigs_report_spades_actual_contigs.stderr
  4  Alignments: quast_results/results_2016_09_22_22_43_14/contigs_reports/alignments_spades_actual_contigs.tsv
  4  Analysis is finished.

  Creating total report...
    saved to /Users/cmdb/qbb2016-answers/lab_2/quast_results/results_2016_09_22_22_43_14/contigs_reports/misassemblies_report.txt, misassemblies_report.tsv, and misassemblies_report.tex
  Transposed version of total report...
    saved to /Users/cmdb/qbb2016-answers/lab_2/quast_results/results_2016_09_22_22_43_14/contigs_reports/transposed_report_misassemblies.txt, transposed_report_misassemblies.tsv, and transposed_report_misassemblies.tex
  Creating total report...
    saved to /Users/cmdb/qbb2016-answers/lab_2/quast_results/results_2016_09_22_22_43_14/contigs_reports/unaligned_report.txt, unaligned_report.tsv, and unaligned_report.tex
  Drawing misassemblies by types plot...
    saved to /Users/cmdb/qbb2016-answers/lab_2/quast_results/results_2016_09_22_22_43_14/contigs_reports/misassemblies_plot.pdf
Done.

2016-09-22 22:43:41
Running NA-NGA calculation...
  1  velvet_contigs, Largest alignment = 998, NA50 = 679, LA50 = 5
  2  velvetlong_contigs, Largest alignment = 33205, NA50 = 19876, LA50 = 2
  3  spades_short_contigs, Largest alignment = 100000, NA50 = 100000, LA50 = 1
  4  spades_actual_contigs, Largest alignment = 1737, NA50 = 715, LA50 = 8
  Drawing cumulative plot...
    saved to /Users/cmdb/qbb2016-answers/lab_2/quast_results/results_2016_09_22_22_43_14/aligned_stats/cumulative_plot.pdf
  Drawing NAx plot...
    saved to /Users/cmdb/qbb2016-answers/lab_2/quast_results/results_2016_09_22_22_43_14/aligned_stats/NAx_plot.pdf
  Drawing NGAx plot...
    saved to /Users/cmdb/qbb2016-answers/lab_2/quast_results/results_2016_09_22_22_43_14/aligned_stats/NGAx_plot.pdf
Done.

2016-09-22 22:43:43
Running Genome analyzer...
  NOTICE: No file with genes provided. Use the -G option if you want to specify it.
  NOTICE: No file with operons provided. Use the -O option if you want to specify it.
  1  velvet_contigs
  1  Analysis is finished.
  2  velvetlong_contigs
  2  Analysis is finished.
  3  spades_short_contigs
  3  Analysis is finished.
  4  spades_actual_contigs
  4  Analysis is finished.
  Drawing Genome fraction, % histogram...
    saved to /Users/cmdb/qbb2016-answers/lab_2/quast_results/results_2016_09_22_22_43_14/genome_stats/genome_fraction_histogram.pdf
Done.

NOTICE: Genes are not predicted by default. Use --gene-finding option to enable it.

2016-09-22 22:43:47
Creating large visual summaries...
This may take a while: press Ctrl-C to skip this step..
  1 of 2: Creating Icarus viewers...
  2 of 2: Creating PDF with all tables and plots...
Done

2016-09-22 22:43:51
RESULTS:
  Text versions of total report are saved to /Users/cmdb/qbb2016-answers/lab_2/quast_results/results_2016_09_22_22_43_14/report.txt, report.tsv, and report.tex
  Text versions of transposed total report are saved to /Users/cmdb/qbb2016-answers/lab_2/quast_results/results_2016_09_22_22_43_14/transposed_report.txt, transposed_report.tsv, and transposed_report.tex
  HTML version (interactive tables and plots) saved to /Users/cmdb/qbb2016-answers/lab_2/quast_results/results_2016_09_22_22_43_14/report.html
  PDF version (tables and plots) is saved to /Users/cmdb/qbb2016-answers/lab_2/quast_results/results_2016_09_22_22_43_14/report.pdf
  Icarus (contig browser) is saved to /Users/cmdb/qbb2016-answers/lab_2/quast_results/results_2016_09_22_22_43_14/icarus.html
  Log saved to /Users/cmdb/qbb2016-answers/lab_2/quast_results/results_2016_09_22_22_43_14/quast.log

Finished: 2016-09-22 22:43:51
Elapsed time: 0:00:37.145667
NOTICEs: 4; WARNINGs: 0; non-fatal ERRORs: 0

Thank you for using QUAST!
