                            OLS Regression Results                            
==============================================================================
Dep. Variable:                      y   R-squared:                       0.012
Model:                            OLS   Adj. R-squared:                  0.012
Method:                 Least Squares   F-statistic:                     408.1
Date:                Fri, 02 Sep 2016   Prob (F-statistic):           3.20e-90
Time:                        15:21:09   Log-Likelihood:                -59287.
No. Observations:               34611   AIC:                         1.186e+05
Df Residuals:                   34610   BIC:                         1.186e+05
Df Model:                           1                                         
Covariance Type:            nonrobust                                         
==============================================================================
                 coef    std err          t      P>|t|      [95.0% Conf. Int.]
------------------------------------------------------------------------------
x1            -0.0024      0.000    -20.201      0.000        -0.003    -0.002
==============================================================================
Omnibus:                     4209.004   Durbin-Watson:                   1.307
Prob(Omnibus):                  0.000   Jarque-Bera (JB):            32492.132
Skew:                           0.329   Prob(JB):                         0.00
Kurtosis:                       7.701   Cond. No.                         1.00
==============================================================================

Warnings:
[1] Standard Errors assume that the covariance matrix of the errors is correctly specified.
