                            OLS Regression Results                            
==============================================================================
Dep. Variable:                      y   R-squared:                       0.015
Model:                            OLS   Adj. R-squared:                  0.015
Method:                 Least Squares   F-statistic:                     528.7
Date:                Fri, 02 Sep 2016   Prob (F-statistic):          4.07e-116
Time:                        15:21:18   Log-Likelihood:                -63070.
No. Observations:               34611   AIC:                         1.261e+05
Df Residuals:                   34610   BIC:                         1.262e+05
Df Model:                           1                                         
Covariance Type:            nonrobust                                         
==============================================================================
                 coef    std err          t      P>|t|      [95.0% Conf. Int.]
------------------------------------------------------------------------------
x1             0.0030      0.000     22.993      0.000         0.003     0.003
==============================================================================
Omnibus:                    15089.081   Durbin-Watson:                   1.381
Prob(Omnibus):                  0.000   Jarque-Bera (JB):            69733.169
Skew:                           2.143   Prob(JB):                         0.00
Kurtosis:                       8.476   Cond. No.                         1.00
==============================================================================

Warnings:
[1] Standard Errors assume that the covariance matrix of the errors is correctly specified.
